  [1m[36m (9.0ms)[0m  [1mCREATE TABLE "schema_migrations" ("version" character varying NOT NULL) [0m
  [1m[35m (7.7ms)[0m  CREATE UNIQUE INDEX  "unique_schema_migrations" ON "schema_migrations"  ("version")
  [1m[36mActiveRecord::SchemaMigration Load (0.3ms)[0m  [1mSELECT "schema_migrations".* FROM "schema_migrations"[0m
Migrating to CreateUsers (20231124165648)
  [1m[35m (0.2ms)[0m  BEGIN
  [1m[36m (12.5ms)[0m  [1mCREATE TABLE "users" ("id" serial primary key, "name" character varying, "email" character varying, "status" integer, "created_at" timestamp NOT NULL, "updated_at" timestamp NOT NULL) [0m
  [1m[35mSQL (0.3ms)[0m  INSERT INTO "schema_migrations" ("version") VALUES ($1)  [["version", "20231124165648"]]
  [1m[36m (2.4ms)[0m  [1mCOMMIT[0m
Migrating to CreateAdmins (20231124165659)
  [1m[35m (0.2ms)[0m  BEGIN
  [1m[36m (12.2ms)[0m  [1mCREATE TABLE "admins" ("id" serial primary key, "name" character varying, "email" character varying, "role" integer, "created_at" timestamp NOT NULL, "updated_at" timestamp NOT NULL) [0m
  [1m[35mSQL (0.4ms)[0m  INSERT INTO "schema_migrations" ("version") VALUES ($1)  [["version", "20231124165659"]]
  [1m[36m (2.6ms)[0m  [1mCOMMIT[0m
  [1m[35mActiveRecord::SchemaMigration Load (0.3ms)[0m  SELECT "schema_migrations".* FROM "schema_migrations"
  [1m[36m (3.1ms)[0m  [1mSELECT t2.oid::regclass::text AS to_table, a1.attname AS column, a2.attname AS primary_key, c.conname AS name, c.confupdtype AS on_update, c.confdeltype AS on_delete
FROM pg_constraint c
JOIN pg_class t1 ON c.conrelid = t1.oid
JOIN pg_class t2 ON c.confrelid = t2.oid
JOIN pg_attribute a1 ON a1.attnum = c.conkey[1] AND a1.attrelid = t1.oid
JOIN pg_attribute a2 ON a2.attnum = c.confkey[1] AND a2.attrelid = t2.oid
JOIN pg_namespace t3 ON c.connamespace = t3.oid
WHERE c.contype = 'f'
  AND t1.relname = 'admins'
  AND t3.nspname = ANY (current_schemas(false))
ORDER BY c.conname
[0m
  [1m[35m (2.8ms)[0m  SELECT t2.oid::regclass::text AS to_table, a1.attname AS column, a2.attname AS primary_key, c.conname AS name, c.confupdtype AS on_update, c.confdeltype AS on_delete
FROM pg_constraint c
JOIN pg_class t1 ON c.conrelid = t1.oid
JOIN pg_class t2 ON c.confrelid = t2.oid
JOIN pg_attribute a1 ON a1.attnum = c.conkey[1] AND a1.attrelid = t1.oid
JOIN pg_attribute a2 ON a2.attnum = c.confkey[1] AND a2.attrelid = t2.oid
JOIN pg_namespace t3 ON c.connamespace = t3.oid
WHERE c.contype = 'f'
  AND t1.relname = 'users'
  AND t3.nspname = ANY (current_schemas(false))
ORDER BY c.conname

  [1m[36mActiveRecord::SchemaMigration Load (0.2ms)[0m  [1mSELECT "schema_migrations".* FROM "schema_migrations"[0m
Migrating to AddDeviseToUsers (20231124165841)
  [1m[35m (0.1ms)[0m  BEGIN
  [1m[36m (0.4ms)[0m  [1mALTER TABLE "users" ADD "email" character varying DEFAULT '' NOT NULL[0m
  [1m[35m (0.2ms)[0m  ROLLBACK
  [1m[36mActiveRecord::SchemaMigration Load (0.4ms)[0m  [1mSELECT "schema_migrations".* FROM "schema_migrations"[0m
Migrating to AddDeviseToUsers (20231124165841)
  [1m[35m (0.3ms)[0m  BEGIN
  [1m[36m (0.5ms)[0m  [1mALTER TABLE "users" ADD "encrypted_password" character varying DEFAULT '' NOT NULL[0m
  [1m[35m (0.3ms)[0m  ALTER TABLE "users" ADD "reset_password_token" character varying
  [1m[36m (0.3ms)[0m  [1mALTER TABLE "users" ADD "reset_password_sent_at" timestamp[0m
  [1m[35m (0.3ms)[0m  ALTER TABLE "users" ADD "remember_created_at" timestamp
  [1m[36m (13.2ms)[0m  [1mCREATE UNIQUE INDEX  "index_users_on_email" ON "users"  ("email")[0m
  [1m[35m (5.6ms)[0m  CREATE UNIQUE INDEX  "index_users_on_reset_password_token" ON "users"  ("reset_password_token")
  [1m[36mSQL (0.3ms)[0m  [1mINSERT INTO "schema_migrations" ("version") VALUES ($1)[0m  [["version", "20231124165841"]]
  [1m[35m (2.7ms)[0m  COMMIT
Migrating to AddDeviseToAdmins (20231124165847)
  [1m[36m (0.2ms)[0m  [1mBEGIN[0m
  [1m[35m (0.4ms)[0m  ALTER TABLE "admins" ADD "encrypted_password" character varying DEFAULT '' NOT NULL
  [1m[36m (0.2ms)[0m  [1mALTER TABLE "admins" ADD "reset_password_token" character varying[0m
  [1m[35m (0.1ms)[0m  ALTER TABLE "admins" ADD "reset_password_sent_at" timestamp
  [1m[36m (0.1ms)[0m  [1mALTER TABLE "admins" ADD "remember_created_at" timestamp[0m
  [1m[35m (5.5ms)[0m  CREATE UNIQUE INDEX  "index_admins_on_email" ON "admins"  ("email")
  [1m[36m (6.1ms)[0m  [1mCREATE UNIQUE INDEX  "index_admins_on_reset_password_token" ON "admins"  ("reset_password_token")[0m
  [1m[35mSQL (0.3ms)[0m  INSERT INTO "schema_migrations" ("version") VALUES ($1)  [["version", "20231124165847"]]
  [1m[36m (2.6ms)[0m  [1mCOMMIT[0m
  [1m[35mActiveRecord::SchemaMigration Load (0.3ms)[0m  SELECT "schema_migrations".* FROM "schema_migrations"
  [1m[36m (2.9ms)[0m  [1mSELECT t2.oid::regclass::text AS to_table, a1.attname AS column, a2.attname AS primary_key, c.conname AS name, c.confupdtype AS on_update, c.confdeltype AS on_delete
FROM pg_constraint c
JOIN pg_class t1 ON c.conrelid = t1.oid
JOIN pg_class t2 ON c.confrelid = t2.oid
JOIN pg_attribute a1 ON a1.attnum = c.conkey[1] AND a1.attrelid = t1.oid
JOIN pg_attribute a2 ON a2.attnum = c.confkey[1] AND a2.attrelid = t2.oid
JOIN pg_namespace t3 ON c.connamespace = t3.oid
WHERE c.contype = 'f'
  AND t1.relname = 'admins'
  AND t3.nspname = ANY (current_schemas(false))
ORDER BY c.conname
[0m
  [1m[35m (2.8ms)[0m  SELECT t2.oid::regclass::text AS to_table, a1.attname AS column, a2.attname AS primary_key, c.conname AS name, c.confupdtype AS on_update, c.confdeltype AS on_delete
FROM pg_constraint c
JOIN pg_class t1 ON c.conrelid = t1.oid
JOIN pg_class t2 ON c.confrelid = t2.oid
JOIN pg_attribute a1 ON a1.attnum = c.conkey[1] AND a1.attrelid = t1.oid
JOIN pg_attribute a2 ON a2.attnum = c.confkey[1] AND a2.attrelid = t2.oid
JOIN pg_namespace t3 ON c.connamespace = t3.oid
WHERE c.contype = 'f'
  AND t1.relname = 'users'
  AND t3.nspname = ANY (current_schemas(false))
ORDER BY c.conname



Started GET "/" for 127.0.0.1 at 2023-11-27 21:32:49 +0530
  [1m[36mActiveRecord::SchemaMigration Load (0.7ms)[0m  [1mSELECT "schema_migrations".* FROM "schema_migrations"[0m
Processing by Rails::WelcomeController#index as HTML
  Rendered /home/neelam/.rvm/gems/ruby-2.4.10/gems/railties-4.2.8/lib/rails/templates/rails/welcome/index.html.erb (0.7ms)
Completed 200 OK in 8ms (Views: 5.4ms | ActiveRecord: 0.0ms)


Started GET "/admins" for 127.0.0.1 at 2023-11-27 22:32:33 +0530
  [1m[36mActiveRecord::SchemaMigration Load (0.3ms)[0m  [1mSELECT "schema_migrations".* FROM "schema_migrations"[0m

ActionController::RoutingError (No route matches [GET] "/admins"):
  actionpack (4.2.8) lib/action_dispatch/middleware/debug_exceptions.rb:21:in `call'
  web-console (2.3.0) lib/web_console/middleware.rb:28:in `block in call'
  web-console (2.3.0) lib/web_console/middleware.rb:18:in `catch'
  web-console (2.3.0) lib/web_console/middleware.rb:18:in `call'
  actionpack (4.2.8) lib/action_dispatch/middleware/show_exceptions.rb:30:in `call'
  railties (4.2.8) lib/rails/rack/logger.rb:38:in `call_app'
  railties (4.2.8) lib/rails/rack/logger.rb:20:in `block in call'
  activesupport (4.2.8) lib/active_support/tagged_logging.rb:68:in `block in tagged'
  activesupport (4.2.8) lib/active_support/tagged_logging.rb:26:in `tagged'
  activesupport (4.2.8) lib/active_support/tagged_logging.rb:68:in `tagged'
  railties (4.2.8) lib/rails/rack/logger.rb:20:in `call'
  actionpack (4.2.8) lib/action_dispatch/middleware/request_id.rb:21:in `call'
  rack (1.6.13) lib/rack/methodoverride.rb:22:in `call'
  rack (1.6.13) lib/rack/runtime.rb:18:in `call'
  activesupport (4.2.8) lib/active_support/cache/strategy/local_cache_middleware.rb:28:in `call'
  rack (1.6.13) lib/rack/lock.rb:17:in `call'
  actionpack (4.2.8) lib/action_dispatch/middleware/static.rb:120:in `call'
  rack (1.6.13) lib/rack/sendfile.rb:113:in `call'
  rack-cors (0.4.1) lib/rack/cors.rb:81:in `call'
  railties (4.2.8) lib/rails/engine.rb:518:in `call'
  railties (4.2.8) lib/rails/application.rb:165:in `call'
  rack (1.6.13) lib/rack/lock.rb:17:in `call'
  rack (1.6.13) lib/rack/content_length.rb:15:in `call'
  rack (1.6.13) lib/rack/handler/webrick.rb:88:in `service'
  /home/neelam/.rvm/rubies/ruby-2.4.10/lib/ruby/2.4.0/webrick/httpserver.rb:140:in `service'
  /home/neelam/.rvm/rubies/ruby-2.4.10/lib/ruby/2.4.0/webrick/httpserver.rb:96:in `run'
  /home/neelam/.rvm/rubies/ruby-2.4.10/lib/ruby/2.4.0/webrick/server.rb:308:in `block in start_thread'


  Rendered /home/neelam/.rvm/gems/ruby-2.4.10/gems/actionpack-4.2.8/lib/action_dispatch/middleware/templates/rescues/_trace.html.erb (1.0ms)
  Rendered /home/neelam/.rvm/gems/ruby-2.4.10/gems/actionpack-4.2.8/lib/action_dispatch/middleware/templates/routes/_route.html.erb (0.8ms)
  Rendered /home/neelam/.rvm/gems/ruby-2.4.10/gems/actionpack-4.2.8/lib/action_dispatch/middleware/templates/routes/_table.html.erb (3.9ms)
  Rendered /home/neelam/.rvm/gems/ruby-2.4.10/gems/actionpack-4.2.8/lib/action_dispatch/middleware/templates/rescues/_request_and_response.html.erb (3.3ms)
  Rendered /home/neelam/.rvm/gems/ruby-2.4.10/gems/actionpack-4.2.8/lib/action_dispatch/middleware/templates/rescues/routing_error.html.erb within rescues/layout (22.3ms)
  Rendered /home/neelam/.rvm/gems/ruby-2.4.10/gems/web-console-2.3.0/lib/web_console/templates/_markup.html.erb (0.2ms)
  Rendered /home/neelam/.rvm/gems/ruby-2.4.10/gems/web-console-2.3.0/lib/web_console/templates/_inner_console_markup.html.erb within layouts/inlined_string (0.1ms)
  Rendered /home/neelam/.rvm/gems/ruby-2.4.10/gems/web-console-2.3.0/lib/web_console/templates/_prompt_box_markup.html.erb within layouts/inlined_string (0.1ms)
  Rendered /home/neelam/.rvm/gems/ruby-2.4.10/gems/web-console-2.3.0/lib/web_console/templates/style.css.erb within layouts/inlined_string (0.1ms)
  Rendered /home/neelam/.rvm/gems/ruby-2.4.10/gems/web-console-2.3.0/lib/web_console/templates/console.js.erb within layouts/javascript (12.4ms)
  Rendered /home/neelam/.rvm/gems/ruby-2.4.10/gems/web-console-2.3.0/lib/web_console/templates/main.js.erb within layouts/javascript (0.2ms)
  Rendered /home/neelam/.rvm/gems/ruby-2.4.10/gems/web-console-2.3.0/lib/web_console/templates/error_page.js.erb within layouts/javascript (0.2ms)
  Rendered /home/neelam/.rvm/gems/ruby-2.4.10/gems/web-console-2.3.0/lib/web_console/templates/index.html.erb (22.3ms)


Started GET "/admins" for 127.0.0.1 at 2023-11-27 22:32:33 +0530

ActionController::RoutingError (No route matches [GET] "/admins"):
  actionpack (4.2.8) lib/action_dispatch/middleware/debug_exceptions.rb:21:in `call'
  web-console (2.3.0) lib/web_console/middleware.rb:28:in `block in call'
  web-console (2.3.0) lib/web_console/middleware.rb:18:in `catch'
  web-console (2.3.0) lib/web_console/middleware.rb:18:in `call'
  actionpack (4.2.8) lib/action_dispatch/middleware/show_exceptions.rb:30:in `call'
  railties (4.2.8) lib/rails/rack/logger.rb:38:in `call_app'
  railties (4.2.8) lib/rails/rack/logger.rb:20:in `block in call'
  activesupport (4.2.8) lib/active_support/tagged_logging.rb:68:in `block in tagged'
  activesupport (4.2.8) lib/active_support/tagged_logging.rb:26:in `tagged'
  activesupport (4.2.8) lib/active_support/tagged_logging.rb:68:in `tagged'
  railties (4.2.8) lib/rails/rack/logger.rb:20:in `call'
  actionpack (4.2.8) lib/action_dispatch/middleware/request_id.rb:21:in `call'
  rack (1.6.13) lib/rack/methodoverride.rb:22:in `call'
  rack (1.6.13) lib/rack/runtime.rb:18:in `call'
  activesupport (4.2.8) lib/active_support/cache/strategy/local_cache_middleware.rb:28:in `call'
  rack (1.6.13) lib/rack/lock.rb:17:in `call'
  actionpack (4.2.8) lib/action_dispatch/middleware/static.rb:120:in `call'
  rack (1.6.13) lib/rack/sendfile.rb:113:in `call'
  rack-cors (0.4.1) lib/rack/cors.rb:81:in `call'
  railties (4.2.8) lib/rails/engine.rb:518:in `call'
  railties (4.2.8) lib/rails/application.rb:165:in `call'
  rack (1.6.13) lib/rack/lock.rb:17:in `call'
  rack (1.6.13) lib/rack/content_length.rb:15:in `call'
  rack (1.6.13) lib/rack/handler/webrick.rb:88:in `service'
  /home/neelam/.rvm/rubies/ruby-2.4.10/lib/ruby/2.4.0/webrick/httpserver.rb:140:in `service'
  /home/neelam/.rvm/rubies/ruby-2.4.10/lib/ruby/2.4.0/webrick/httpserver.rb:96:in `run'
  /home/neelam/.rvm/rubies/ruby-2.4.10/lib/ruby/2.4.0/webrick/server.rb:308:in `block in start_thread'


  Rendered /home/neelam/.rvm/gems/ruby-2.4.10/gems/actionpack-4.2.8/lib/action_dispatch/middleware/templates/rescues/_trace.html.erb (0.7ms)
  Rendered /home/neelam/.rvm/gems/ruby-2.4.10/gems/actionpack-4.2.8/lib/action_dispatch/middleware/templates/routes/_route.html.erb (0.7ms)
  Rendered /home/neelam/.rvm/gems/ruby-2.4.10/gems/actionpack-4.2.8/lib/action_dispatch/middleware/templates/routes/_table.html.erb (0.7ms)
  Rendered /home/neelam/.rvm/gems/ruby-2.4.10/gems/actionpack-4.2.8/lib/action_dispatch/middleware/templates/rescues/_request_and_response.html.erb (0.5ms)
  Rendered /home/neelam/.rvm/gems/ruby-2.4.10/gems/actionpack-4.2.8/lib/action_dispatch/middleware/templates/rescues/routing_error.html.erb within rescues/layout (11.7ms)
  Rendered /home/neelam/.rvm/gems/ruby-2.4.10/gems/web-console-2.3.0/lib/web_console/templates/_markup.html.erb (0.1ms)
  Rendered /home/neelam/.rvm/gems/ruby-2.4.10/gems/web-console-2.3.0/lib/web_console/templates/_inner_console_markup.html.erb within layouts/inlined_string (0.1ms)
  Rendered /home/neelam/.rvm/gems/ruby-2.4.10/gems/web-console-2.3.0/lib/web_console/templates/_prompt_box_markup.html.erb within layouts/inlined_string (0.1ms)
  Rendered /home/neelam/.rvm/gems/ruby-2.4.10/gems/web-console-2.3.0/lib/web_console/templates/style.css.erb within layouts/inlined_string (0.1ms)
  Rendered /home/neelam/.rvm/gems/ruby-2.4.10/gems/web-console-2.3.0/lib/web_console/templates/console.js.erb within layouts/javascript (7.1ms)
  Rendered /home/neelam/.rvm/gems/ruby-2.4.10/gems/web-console-2.3.0/lib/web_console/templates/main.js.erb within layouts/javascript (0.1ms)
  Rendered /home/neelam/.rvm/gems/ruby-2.4.10/gems/web-console-2.3.0/lib/web_console/templates/error_page.js.erb within layouts/javascript (0.2ms)
  Rendered /home/neelam/.rvm/gems/ruby-2.4.10/gems/web-console-2.3.0/lib/web_console/templates/index.html.erb (14.4ms)


Started GET "/admins" for 127.0.0.1 at 2023-11-27 22:32:33 +0530

ActionController::RoutingError (No route matches [GET] "/admins"):
  actionpack (4.2.8) lib/action_dispatch/middleware/debug_exceptions.rb:21:in `call'
  web-console (2.3.0) lib/web_console/middleware.rb:28:in `block in call'
  web-console (2.3.0) lib/web_console/middleware.rb:18:in `catch'
  web-console (2.3.0) lib/web_console/middleware.rb:18:in `call'
  actionpack (4.2.8) lib/action_dispatch/middleware/show_exceptions.rb:30:in `call'
  railties (4.2.8) lib/rails/rack/logger.rb:38:in `call_app'
  railties (4.2.8) lib/rails/rack/logger.rb:20:in `block in call'
  activesupport (4.2.8) lib/active_support/tagged_logging.rb:68:in `block in tagged'
  activesupport (4.2.8) lib/active_support/tagged_logging.rb:26:in `tagged'
  activesupport (4.2.8) lib/active_support/tagged_logging.rb:68:in `tagged'
  railties (4.2.8) lib/rails/rack/logger.rb:20:in `call'
  actionpack (4.2.8) lib/action_dispatch/middleware/request_id.rb:21:in `call'
  rack (1.6.13) lib/rack/methodoverride.rb:22:in `call'
  rack (1.6.13) lib/rack/runtime.rb:18:in `call'
  activesupport (4.2.8) lib/active_support/cache/strategy/local_cache_middleware.rb:28:in `call'
  rack (1.6.13) lib/rack/lock.rb:17:in `call'
  actionpack (4.2.8) lib/action_dispatch/middleware/static.rb:120:in `call'
  rack (1.6.13) lib/rack/sendfile.rb:113:in `call'
  rack-cors (0.4.1) lib/rack/cors.rb:81:in `call'
  railties (4.2.8) lib/rails/engine.rb:518:in `call'
  railties (4.2.8) lib/rails/application.rb:165:in `call'
  rack (1.6.13) lib/rack/lock.rb:17:in `call'
  rack (1.6.13) lib/rack/content_length.rb:15:in `call'
  rack (1.6.13) lib/rack/handler/webrick.rb:88:in `service'
  /home/neelam/.rvm/rubies/ruby-2.4.10/lib/ruby/2.4.0/webrick/httpserver.rb:140:in `service'
  /home/neelam/.rvm/rubies/ruby-2.4.10/lib/ruby/2.4.0/webrick/httpserver.rb:96:in `run'
  /home/neelam/.rvm/rubies/ruby-2.4.10/lib/ruby/2.4.0/webrick/server.rb:308:in `block in start_thread'


  Rendered /home/neelam/.rvm/gems/ruby-2.4.10/gems/actionpack-4.2.8/lib/action_dispatch/middleware/templates/rescues/_trace.html.erb (0.7ms)
  Rendered /home/neelam/.rvm/gems/ruby-2.4.10/gems/actionpack-4.2.8/lib/action_dispatch/middleware/templates/routes/_route.html.erb (0.7ms)
  Rendered /home/neelam/.rvm/gems/ruby-2.4.10/gems/actionpack-4.2.8/lib/action_dispatch/middleware/templates/routes/_table.html.erb (0.6ms)
  Rendered /home/neelam/.rvm/gems/ruby-2.4.10/gems/actionpack-4.2.8/lib/action_dispatch/middleware/templates/rescues/_request_and_response.html.erb (0.5ms)
  Rendered /home/neelam/.rvm/gems/ruby-2.4.10/gems/actionpack-4.2.8/lib/action_dispatch/middleware/templates/rescues/routing_error.html.erb within rescues/layout (13.7ms)
  Rendered /home/neelam/.rvm/gems/ruby-2.4.10/gems/web-console-2.3.0/lib/web_console/templates/_markup.html.erb (0.2ms)
  Rendered /home/neelam/.rvm/gems/ruby-2.4.10/gems/web-console-2.3.0/lib/web_console/templates/_inner_console_markup.html.erb within layouts/inlined_string (0.1ms)
  Rendered /home/neelam/.rvm/gems/ruby-2.4.10/gems/web-console-2.3.0/lib/web_console/templates/_prompt_box_markup.html.erb within layouts/inlined_string (0.1ms)
  Rendered /home/neelam/.rvm/gems/ruby-2.4.10/gems/web-console-2.3.0/lib/web_console/templates/style.css.erb within layouts/inlined_string (0.1ms)
  Rendered /home/neelam/.rvm/gems/ruby-2.4.10/gems/web-console-2.3.0/lib/web_console/templates/console.js.erb within layouts/javascript (7.3ms)
  Rendered /home/neelam/.rvm/gems/ruby-2.4.10/gems/web-console-2.3.0/lib/web_console/templates/main.js.erb within layouts/javascript (0.1ms)
  Rendered /home/neelam/.rvm/gems/ruby-2.4.10/gems/web-console-2.3.0/lib/web_console/templates/error_page.js.erb within layouts/javascript (0.2ms)
  Rendered /home/neelam/.rvm/gems/ruby-2.4.10/gems/web-console-2.3.0/lib/web_console/templates/index.html.erb (14.6ms)


Started GET "/admins" for 127.0.0.1 at 2023-11-27 22:32:33 +0530

ActionController::RoutingError (No route matches [GET] "/admins"):
  actionpack (4.2.8) lib/action_dispatch/middleware/debug_exceptions.rb:21:in `call'
  web-console (2.3.0) lib/web_console/middleware.rb:28:in `block in call'
  web-console (2.3.0) lib/web_console/middleware.rb:18:in `catch'
  web-console (2.3.0) lib/web_console/middleware.rb:18:in `call'
  actionpack (4.2.8) lib/action_dispatch/middleware/show_exceptions.rb:30:in `call'
  railties (4.2.8) lib/rails/rack/logger.rb:38:in `call_app'
  railties (4.2.8) lib/rails/rack/logger.rb:20:in `block in call'
  activesupport (4.2.8) lib/active_support/tagged_logging.rb:68:in `block in tagged'
  activesupport (4.2.8) lib/active_support/tagged_logging.rb:26:in `tagged'
  activesupport (4.2.8) lib/active_support/tagged_logging.rb:68:in `tagged'
  railties (4.2.8) lib/rails/rack/logger.rb:20:in `call'
  actionpack (4.2.8) lib/action_dispatch/middleware/request_id.rb:21:in `call'
  rack (1.6.13) lib/rack/methodoverride.rb:22:in `call'
  rack (1.6.13) lib/rack/runtime.rb:18:in `call'
  activesupport (4.2.8) lib/active_support/cache/strategy/local_cache_middleware.rb:28:in `call'
  rack (1.6.13) lib/rack/lock.rb:17:in `call'
  actionpack (4.2.8) lib/action_dispatch/middleware/static.rb:120:in `call'
  rack (1.6.13) lib/rack/sendfile.rb:113:in `call'
  rack-cors (0.4.1) lib/rack/cors.rb:81:in `call'
  railties (4.2.8) lib/rails/engine.rb:518:in `call'
  railties (4.2.8) lib/rails/application.rb:165:in `call'
  rack (1.6.13) lib/rack/lock.rb:17:in `call'
  rack (1.6.13) lib/rack/content_length.rb:15:in `call'
  rack (1.6.13) lib/rack/handler/webrick.rb:88:in `service'
  /home/neelam/.rvm/rubies/ruby-2.4.10/lib/ruby/2.4.0/webrick/httpserver.rb:140:in `service'
  /home/neelam/.rvm/rubies/ruby-2.4.10/lib/ruby/2.4.0/webrick/httpserver.rb:96:in `run'
  /home/neelam/.rvm/rubies/ruby-2.4.10/lib/ruby/2.4.0/webrick/server.rb:308:in `block in start_thread'


  Rendered /home/neelam/.rvm/gems/ruby-2.4.10/gems/actionpack-4.2.8/lib/action_dispatch/middleware/templates/rescues/_trace.html.erb (0.7ms)
  Rendered /home/neelam/.rvm/gems/ruby-2.4.10/gems/actionpack-4.2.8/lib/action_dispatch/middleware/templates/routes/_route.html.erb (0.8ms)
  Rendered /home/neelam/.rvm/gems/ruby-2.4.10/gems/actionpack-4.2.8/lib/action_dispatch/middleware/templates/routes/_table.html.erb (0.5ms)
  Rendered /home/neelam/.rvm/gems/ruby-2.4.10/gems/actionpack-4.2.8/lib/action_dispatch/middleware/templates/rescues/_request_and_response.html.erb (0.5ms)
  Rendered /home/neelam/.rvm/gems/ruby-2.4.10/gems/actionpack-4.2.8/lib/action_dispatch/middleware/templates/rescues/routing_error.html.erb within rescues/layout (11.2ms)
  Rendered /home/neelam/.rvm/gems/ruby-2.4.10/gems/web-console-2.3.0/lib/web_console/templates/_markup.html.erb (0.1ms)
  Rendered /home/neelam/.rvm/gems/ruby-2.4.10/gems/web-console-2.3.0/lib/web_console/templates/_inner_console_markup.html.erb within layouts/inlined_string (0.1ms)
  Rendered /home/neelam/.rvm/gems/ruby-2.4.10/gems/web-console-2.3.0/lib/web_console/templates/_prompt_box_markup.html.erb within layouts/inlined_string (0.1ms)
  Rendered /home/neelam/.rvm/gems/ruby-2.4.10/gems/web-console-2.3.0/lib/web_console/templates/style.css.erb within layouts/inlined_string (0.1ms)
  Rendered /home/neelam/.rvm/gems/ruby-2.4.10/gems/web-console-2.3.0/lib/web_console/templates/console.js.erb within layouts/javascript (7.0ms)
  Rendered /home/neelam/.rvm/gems/ruby-2.4.10/gems/web-console-2.3.0/lib/web_console/templates/main.js.erb within layouts/javascript (0.1ms)
  Rendered /home/neelam/.rvm/gems/ruby-2.4.10/gems/web-console-2.3.0/lib/web_console/templates/error_page.js.erb within layouts/javascript (0.1ms)
  Rendered /home/neelam/.rvm/gems/ruby-2.4.10/gems/web-console-2.3.0/lib/web_console/templates/index.html.erb (14.1ms)


Started GET "/admins" for 127.0.0.1 at 2023-11-27 22:32:38 +0530

ActionController::RoutingError (No route matches [GET] "/admins"):
  actionpack (4.2.8) lib/action_dispatch/middleware/debug_exceptions.rb:21:in `call'
  web-console (2.3.0) lib/web_console/middleware.rb:28:in `block in call'
  web-console (2.3.0) lib/web_console/middleware.rb:18:in `catch'
  web-console (2.3.0) lib/web_console/middleware.rb:18:in `call'
  actionpack (4.2.8) lib/action_dispatch/middleware/show_exceptions.rb:30:in `call'
  railties (4.2.8) lib/rails/rack/logger.rb:38:in `call_app'
  railties (4.2.8) lib/rails/rack/logger.rb:20:in `block in call'
  activesupport (4.2.8) lib/active_support/tagged_logging.rb:68:in `block in tagged'
  activesupport (4.2.8) lib/active_support/tagged_logging.rb:26:in `tagged'
  activesupport (4.2.8) lib/active_support/tagged_logging.rb:68:in `tagged'
  railties (4.2.8) lib/rails/rack/logger.rb:20:in `call'
  actionpack (4.2.8) lib/action_dispatch/middleware/request_id.rb:21:in `call'
  rack (1.6.13) lib/rack/methodoverride.rb:22:in `call'
  rack (1.6.13) lib/rack/runtime.rb:18:in `call'
  activesupport (4.2.8) lib/active_support/cache/strategy/local_cache_middleware.rb:28:in `call'
  rack (1.6.13) lib/rack/lock.rb:17:in `call'
  actionpack (4.2.8) lib/action_dispatch/middleware/static.rb:120:in `call'
  rack (1.6.13) lib/rack/sendfile.rb:113:in `call'
  rack-cors (0.4.1) lib/rack/cors.rb:81:in `call'
  railties (4.2.8) lib/rails/engine.rb:518:in `call'
  railties (4.2.8) lib/rails/application.rb:165:in `call'
  rack (1.6.13) lib/rack/lock.rb:17:in `call'
  rack (1.6.13) lib/rack/content_length.rb:15:in `call'
  rack (1.6.13) lib/rack/handler/webrick.rb:88:in `service'
  /home/neelam/.rvm/rubies/ruby-2.4.10/lib/ruby/2.4.0/webrick/httpserver.rb:140:in `service'
  /home/neelam/.rvm/rubies/ruby-2.4.10/lib/ruby/2.4.0/webrick/httpserver.rb:96:in `run'
  /home/neelam/.rvm/rubies/ruby-2.4.10/lib/ruby/2.4.0/webrick/server.rb:308:in `block in start_thread'


  Rendered /home/neelam/.rvm/gems/ruby-2.4.10/gems/actionpack-4.2.8/lib/action_dispatch/middleware/templates/rescues/_trace.html.erb (0.6ms)
  Rendered /home/neelam/.rvm/gems/ruby-2.4.10/gems/actionpack-4.2.8/lib/action_dispatch/middleware/templates/routes/_route.html.erb (0.9ms)
  Rendered /home/neelam/.rvm/gems/ruby-2.4.10/gems/actionpack-4.2.8/lib/action_dispatch/middleware/templates/routes/_table.html.erb (1.3ms)
  Rendered /home/neelam/.rvm/gems/ruby-2.4.10/gems/actionpack-4.2.8/lib/action_dispatch/middleware/templates/rescues/_request_and_response.html.erb (0.9ms)
  Rendered /home/neelam/.rvm/gems/ruby-2.4.10/gems/actionpack-4.2.8/lib/action_dispatch/middleware/templates/rescues/routing_error.html.erb within rescues/layout (14.0ms)
  Rendered /home/neelam/.rvm/gems/ruby-2.4.10/gems/web-console-2.3.0/lib/web_console/templates/_markup.html.erb (0.2ms)
  Rendered /home/neelam/.rvm/gems/ruby-2.4.10/gems/web-console-2.3.0/lib/web_console/templates/_inner_console_markup.html.erb within layouts/inlined_string (0.2ms)
  Rendered /home/neelam/.rvm/gems/ruby-2.4.10/gems/web-console-2.3.0/lib/web_console/templates/_prompt_box_markup.html.erb within layouts/inlined_string (0.3ms)
  Rendered /home/neelam/.rvm/gems/ruby-2.4.10/gems/web-console-2.3.0/lib/web_console/templates/style.css.erb within layouts/inlined_string (0.2ms)
  Rendered /home/neelam/.rvm/gems/ruby-2.4.10/gems/web-console-2.3.0/lib/web_console/templates/console.js.erb within layouts/javascript (8.7ms)
  Rendered /home/neelam/.rvm/gems/ruby-2.4.10/gems/web-console-2.3.0/lib/web_console/templates/main.js.erb within layouts/javascript (0.1ms)
  Rendered /home/neelam/.rvm/gems/ruby-2.4.10/gems/web-console-2.3.0/lib/web_console/templates/error_page.js.erb within layouts/javascript (0.2ms)
  Rendered /home/neelam/.rvm/gems/ruby-2.4.10/gems/web-console-2.3.0/lib/web_console/templates/index.html.erb (15.9ms)


Started GET "/admins" for 127.0.0.1 at 2023-11-27 22:32:38 +0530

ActionController::RoutingError (No route matches [GET] "/admins"):
  actionpack (4.2.8) lib/action_dispatch/middleware/debug_exceptions.rb:21:in `call'
  web-console (2.3.0) lib/web_console/middleware.rb:28:in `block in call'
  web-console (2.3.0) lib/web_console/middleware.rb:18:in `catch'
  web-console (2.3.0) lib/web_console/middleware.rb:18:in `call'
  actionpack (4.2.8) lib/action_dispatch/middleware/show_exceptions.rb:30:in `call'
  railties (4.2.8) lib/rails/rack/logger.rb:38:in `call_app'
  railties (4.2.8) lib/rails/rack/logger.rb:20:in `block in call'
  activesupport (4.2.8) lib/active_support/tagged_logging.rb:68:in `block in tagged'
  activesupport (4.2.8) lib/active_support/tagged_logging.rb:26:in `tagged'
  activesupport (4.2.8) lib/active_support/tagged_logging.rb:68:in `tagged'
  railties (4.2.8) lib/rails/rack/logger.rb:20:in `call'
  actionpack (4.2.8) lib/action_dispatch/middleware/request_id.rb:21:in `call'
  rack (1.6.13) lib/rack/methodoverride.rb:22:in `call'
  rack (1.6.13) lib/rack/runtime.rb:18:in `call'
  activesupport (4.2.8) lib/active_support/cache/strategy/local_cache_middleware.rb:28:in `call'
  rack (1.6.13) lib/rack/lock.rb:17:in `call'
  actionpack (4.2.8) lib/action_dispatch/middleware/static.rb:120:in `call'
  rack (1.6.13) lib/rack/sendfile.rb:113:in `call'
  rack-cors (0.4.1) lib/rack/cors.rb:81:in `call'
  railties (4.2.8) lib/rails/engine.rb:518:in `call'
  railties (4.2.8) lib/rails/application.rb:165:in `call'
  rack (1.6.13) lib/rack/lock.rb:17:in `call'
  rack (1.6.13) lib/rack/content_length.rb:15:in `call'
  rack (1.6.13) lib/rack/handler/webrick.rb:88:in `service'
  /home/neelam/.rvm/rubies/ruby-2.4.10/lib/ruby/2.4.0/webrick/httpserver.rb:140:in `service'
  /home/neelam/.rvm/rubies/ruby-2.4.10/lib/ruby/2.4.0/webrick/httpserver.rb:96:in `run'
  /home/neelam/.rvm/rubies/ruby-2.4.10/lib/ruby/2.4.0/webrick/server.rb:308:in `block in start_thread'


  Rendered /home/neelam/.rvm/gems/ruby-2.4.10/gems/actionpack-4.2.8/lib/action_dispatch/middleware/templates/rescues/_trace.html.erb (0.6ms)
  Rendered /home/neelam/.rvm/gems/ruby-2.4.10/gems/actionpack-4.2.8/lib/action_dispatch/middleware/templates/routes/_route.html.erb (0.7ms)
  Rendered /home/neelam/.rvm/gems/ruby-2.4.10/gems/actionpack-4.2.8/lib/action_dispatch/middleware/templates/routes/_table.html.erb (0.5ms)
  Rendered /home/neelam/.rvm/gems/ruby-2.4.10/gems/actionpack-4.2.8/lib/action_dispatch/middleware/templates/rescues/_request_and_response.html.erb (0.5ms)
  Rendered /home/neelam/.rvm/gems/ruby-2.4.10/gems/actionpack-4.2.8/lib/action_dispatch/middleware/templates/rescues/routing_error.html.erb within rescues/layout (11.4ms)
  Rendered /home/neelam/.rvm/gems/ruby-2.4.10/gems/web-console-2.3.0/lib/web_console/templates/_markup.html.erb (0.2ms)
  Rendered /home/neelam/.rvm/gems/ruby-2.4.10/gems/web-console-2.3.0/lib/web_console/templates/_inner_console_markup.html.erb within layouts/inlined_string (0.1ms)
  Rendered /home/neelam/.rvm/gems/ruby-2.4.10/gems/web-console-2.3.0/lib/web_console/templates/_prompt_box_markup.html.erb within layouts/inlined_string (0.1ms)
  Rendered /home/neelam/.rvm/gems/ruby-2.4.10/gems/web-console-2.3.0/lib/web_console/templates/style.css.erb within layouts/inlined_string (0.1ms)
  Rendered /home/neelam/.rvm/gems/ruby-2.4.10/gems/web-console-2.3.0/lib/web_console/templates/console.js.erb within layouts/javascript (6.9ms)
  Rendered /home/neelam/.rvm/gems/ruby-2.4.10/gems/web-console-2.3.0/lib/web_console/templates/main.js.erb within layouts/javascript (0.1ms)
  Rendered /home/neelam/.rvm/gems/ruby-2.4.10/gems/web-console-2.3.0/lib/web_console/templates/error_page.js.erb within layouts/javascript (0.1ms)
  Rendered /home/neelam/.rvm/gems/ruby-2.4.10/gems/web-console-2.3.0/lib/web_console/templates/index.html.erb (14.2ms)


Started GET "/admins" for 127.0.0.1 at 2023-11-27 22:32:39 +0530

ActionController::RoutingError (No route matches [GET] "/admins"):
  actionpack (4.2.8) lib/action_dispatch/middleware/debug_exceptions.rb:21:in `call'
  web-console (2.3.0) lib/web_console/middleware.rb:28:in `block in call'
  web-console (2.3.0) lib/web_console/middleware.rb:18:in `catch'
  web-console (2.3.0) lib/web_console/middleware.rb:18:in `call'
  actionpack (4.2.8) lib/action_dispatch/middleware/show_exceptions.rb:30:in `call'
  railties (4.2.8) lib/rails/rack/logger.rb:38:in `call_app'
  railties (4.2.8) lib/rails/rack/logger.rb:20:in `block in call'
  activesupport (4.2.8) lib/active_support/tagged_logging.rb:68:in `block in tagged'
  activesupport (4.2.8) lib/active_support/tagged_logging.rb:26:in `tagged'
  activesupport (4.2.8) lib/active_support/tagged_logging.rb:68:in `tagged'
  railties (4.2.8) lib/rails/rack/logger.rb:20:in `call'
  actionpack (4.2.8) lib/action_dispatch/middleware/request_id.rb:21:in `call'
  rack (1.6.13) lib/rack/methodoverride.rb:22:in `call'
  rack (1.6.13) lib/rack/runtime.rb:18:in `call'
  activesupport (4.2.8) lib/active_support/cache/strategy/local_cache_middleware.rb:28:in `call'
  rack (1.6.13) lib/rack/lock.rb:17:in `call'
  actionpack (4.2.8) lib/action_dispatch/middleware/static.rb:120:in `call'
  rack (1.6.13) lib/rack/sendfile.rb:113:in `call'
  rack-cors (0.4.1) lib/rack/cors.rb:81:in `call'
  railties (4.2.8) lib/rails/engine.rb:518:in `call'
  railties (4.2.8) lib/rails/application.rb:165:in `call'
  rack (1.6.13) lib/rack/lock.rb:17:in `call'
  rack (1.6.13) lib/rack/content_length.rb:15:in `call'
  rack (1.6.13) lib/rack/handler/webrick.rb:88:in `service'
  /home/neelam/.rvm/rubies/ruby-2.4.10/lib/ruby/2.4.0/webrick/httpserver.rb:140:in `service'
  /home/neelam/.rvm/rubies/ruby-2.4.10/lib/ruby/2.4.0/webrick/httpserver.rb:96:in `run'
  /home/neelam/.rvm/rubies/ruby-2.4.10/lib/ruby/2.4.0/webrick/server.rb:308:in `block in start_thread'


  Rendered /home/neelam/.rvm/gems/ruby-2.4.10/gems/actionpack-4.2.8/lib/action_dispatch/middleware/templates/rescues/_trace.html.erb (0.9ms)
  Rendered /home/neelam/.rvm/gems/ruby-2.4.10/gems/actionpack-4.2.8/lib/action_dispatch/middleware/templates/routes/_route.html.erb (0.8ms)
  Rendered /home/neelam/.rvm/gems/ruby-2.4.10/gems/actionpack-4.2.8/lib/action_dispatch/middleware/templates/routes/_table.html.erb (0.6ms)
  Rendered /home/neelam/.rvm/gems/ruby-2.4.10/gems/actionpack-4.2.8/lib/action_dispatch/middleware/templates/rescues/_request_and_response.html.erb (1.1ms)
  Rendered /home/neelam/.rvm/gems/ruby-2.4.10/gems/actionpack-4.2.8/lib/action_dispatch/middleware/templates/rescues/routing_error.html.erb within rescues/layout (13.2ms)
  Rendered /home/neelam/.rvm/gems/ruby-2.4.10/gems/web-console-2.3.0/lib/web_console/templates/_markup.html.erb (0.2ms)
  Rendered /home/neelam/.rvm/gems/ruby-2.4.10/gems/web-console-2.3.0/lib/web_console/templates/_inner_console_markup.html.erb within layouts/inlined_string (0.2ms)
  Rendered /home/neelam/.rvm/gems/ruby-2.4.10/gems/web-console-2.3.0/lib/web_console/templates/_prompt_box_markup.html.erb within layouts/inlined_string (0.1ms)
  Rendered /home/neelam/.rvm/gems/ruby-2.4.10/gems/web-console-2.3.0/lib/web_console/templates/style.css.erb within layouts/inlined_string (0.1ms)
  Rendered /home/neelam/.rvm/gems/ruby-2.4.10/gems/web-console-2.3.0/lib/web_console/templates/console.js.erb within layouts/javascript (7.5ms)
  Rendered /home/neelam/.rvm/gems/ruby-2.4.10/gems/web-console-2.3.0/lib/web_console/templates/main.js.erb within layouts/javascript (0.1ms)
  Rendered /home/neelam/.rvm/gems/ruby-2.4.10/gems/web-console-2.3.0/lib/web_console/templates/error_page.js.erb within layouts/javascript (0.2ms)
  Rendered /home/neelam/.rvm/gems/ruby-2.4.10/gems/web-console-2.3.0/lib/web_console/templates/index.html.erb (15.8ms)


Started GET "/admins" for 127.0.0.1 at 2023-11-27 22:32:39 +0530

ActionController::RoutingError (No route matches [GET] "/admins"):
  actionpack (4.2.8) lib/action_dispatch/middleware/debug_exceptions.rb:21:in `call'
  web-console (2.3.0) lib/web_console/middleware.rb:28:in `block in call'
  web-console (2.3.0) lib/web_console/middleware.rb:18:in `catch'
  web-console (2.3.0) lib/web_console/middleware.rb:18:in `call'
  actionpack (4.2.8) lib/action_dispatch/middleware/show_exceptions.rb:30:in `call'
  railties (4.2.8) lib/rails/rack/logger.rb:38:in `call_app'
  railties (4.2.8) lib/rails/rack/logger.rb:20:in `block in call'
  activesupport (4.2.8) lib/active_support/tagged_logging.rb:68:in `block in tagged'
  activesupport (4.2.8) lib/active_support/tagged_logging.rb:26:in `tagged'
  activesupport (4.2.8) lib/active_support/tagged_logging.rb:68:in `tagged'
  railties (4.2.8) lib/rails/rack/logger.rb:20:in `call'
  actionpack (4.2.8) lib/action_dispatch/middleware/request_id.rb:21:in `call'
  rack (1.6.13) lib/rack/methodoverride.rb:22:in `call'
  rack (1.6.13) lib/rack/runtime.rb:18:in `call'
  activesupport (4.2.8) lib/active_support/cache/strategy/local_cache_middleware.rb:28:in `call'
  rack (1.6.13) lib/rack/lock.rb:17:in `call'
  actionpack (4.2.8) lib/action_dispatch/middleware/static.rb:120:in `call'
  rack (1.6.13) lib/rack/sendfile.rb:113:in `call'
  rack-cors (0.4.1) lib/rack/cors.rb:81:in `call'
  railties (4.2.8) lib/rails/engine.rb:518:in `call'
  railties (4.2.8) lib/rails/application.rb:165:in `call'
  rack (1.6.13) lib/rack/lock.rb:17:in `call'
  rack (1.6.13) lib/rack/content_length.rb:15:in `call'
  rack (1.6.13) lib/rack/handler/webrick.rb:88:in `service'
  /home/neelam/.rvm/rubies/ruby-2.4.10/lib/ruby/2.4.0/webrick/httpserver.rb:140:in `service'
  /home/neelam/.rvm/rubies/ruby-2.4.10/lib/ruby/2.4.0/webrick/httpserver.rb:96:in `run'
  /home/neelam/.rvm/rubies/ruby-2.4.10/lib/ruby/2.4.0/webrick/server.rb:308:in `block in start_thread'


  Rendered /home/neelam/.rvm/gems/ruby-2.4.10/gems/actionpack-4.2.8/lib/action_dispatch/middleware/templates/rescues/_trace.html.erb (0.8ms)
  Rendered /home/neelam/.rvm/gems/ruby-2.4.10/gems/actionpack-4.2.8/lib/action_dispatch/middleware/templates/routes/_route.html.erb (1.0ms)
  Rendered /home/neelam/.rvm/gems/ruby-2.4.10/gems/actionpack-4.2.8/lib/action_dispatch/middleware/templates/routes/_table.html.erb (1.1ms)
  Rendered /home/neelam/.rvm/gems/ruby-2.4.10/gems/actionpack-4.2.8/lib/action_dispatch/middleware/templates/rescues/_request_and_response.html.erb (0.5ms)
  Rendered /home/neelam/.rvm/gems/ruby-2.4.10/gems/actionpack-4.2.8/lib/action_dispatch/middleware/templates/rescues/routing_error.html.erb within rescues/layout (13.1ms)
  Rendered /home/neelam/.rvm/gems/ruby-2.4.10/gems/web-console-2.3.0/lib/web_console/templates/_markup.html.erb (0.1ms)
  Rendered /home/neelam/.rvm/gems/ruby-2.4.10/gems/web-console-2.3.0/lib/web_console/templates/_inner_console_markup.html.erb within layouts/inlined_string (0.2ms)
  Rendered /home/neelam/.rvm/gems/ruby-2.4.10/gems/web-console-2.3.0/lib/web_console/templates/_prompt_box_markup.html.erb within layouts/inlined_string (0.1ms)
  Rendered /home/neelam/.rvm/gems/ruby-2.4.10/gems/web-console-2.3.0/lib/web_console/templates/style.css.erb within layouts/inlined_string (0.1ms)
  Rendered /home/neelam/.rvm/gems/ruby-2.4.10/gems/web-console-2.3.0/lib/web_console/templates/console.js.erb within layouts/javascript (9.1ms)
  Rendered /home/neelam/.rvm/gems/ruby-2.4.10/gems/web-console-2.3.0/lib/web_console/templates/main.js.erb within layouts/javascript (0.1ms)
  Rendered /home/neelam/.rvm/gems/ruby-2.4.10/gems/web-console-2.3.0/lib/web_console/templates/error_page.js.erb within layouts/javascript (0.1ms)
  Rendered /home/neelam/.rvm/gems/ruby-2.4.10/gems/web-console-2.3.0/lib/web_console/templates/index.html.erb (16.3ms)


Started GET "/api/admins" for 127.0.0.1 at 2023-11-27 22:37:29 +0530
  [1m[36mActiveRecord::SchemaMigration Load (0.2ms)[0m  [1mSELECT "schema_migrations".* FROM "schema_migrations"[0m

ActionController::RoutingError (No route matches [GET] "/api/admins"):
  actionpack (4.2.8) lib/action_dispatch/middleware/debug_exceptions.rb:21:in `call'
  web-console (2.3.0) lib/web_console/middleware.rb:28:in `block in call'
  web-console (2.3.0) lib/web_console/middleware.rb:18:in `catch'
  web-console (2.3.0) lib/web_console/middleware.rb:18:in `call'
  actionpack (4.2.8) lib/action_dispatch/middleware/show_exceptions.rb:30:in `call'
  railties (4.2.8) lib/rails/rack/logger.rb:38:in `call_app'
  railties (4.2.8) lib/rails/rack/logger.rb:20:in `block in call'
  activesupport (4.2.8) lib/active_support/tagged_logging.rb:68:in `block in tagged'
  activesupport (4.2.8) lib/active_support/tagged_logging.rb:26:in `tagged'
  activesupport (4.2.8) lib/active_support/tagged_logging.rb:68:in `tagged'
  railties (4.2.8) lib/rails/rack/logger.rb:20:in `call'
  actionpack (4.2.8) lib/action_dispatch/middleware/request_id.rb:21:in `call'
  rack (1.6.13) lib/rack/methodoverride.rb:22:in `call'
  rack (1.6.13) lib/rack/runtime.rb:18:in `call'
  activesupport (4.2.8) lib/active_support/cache/strategy/local_cache_middleware.rb:28:in `call'
  rack (1.6.13) lib/rack/lock.rb:17:in `call'
  actionpack (4.2.8) lib/action_dispatch/middleware/static.rb:120:in `call'
  rack (1.6.13) lib/rack/sendfile.rb:113:in `call'
  rack-cors (0.4.1) lib/rack/cors.rb:81:in `call'
  railties (4.2.8) lib/rails/engine.rb:518:in `call'
  railties (4.2.8) lib/rails/application.rb:165:in `call'
  rack (1.6.13) lib/rack/lock.rb:17:in `call'
  rack (1.6.13) lib/rack/content_length.rb:15:in `call'
  rack (1.6.13) lib/rack/handler/webrick.rb:88:in `service'
  /home/neelam/.rvm/rubies/ruby-2.4.10/lib/ruby/2.4.0/webrick/httpserver.rb:140:in `service'
  /home/neelam/.rvm/rubies/ruby-2.4.10/lib/ruby/2.4.0/webrick/httpserver.rb:96:in `run'
  /home/neelam/.rvm/rubies/ruby-2.4.10/lib/ruby/2.4.0/webrick/server.rb:308:in `block in start_thread'


  Rendered /home/neelam/.rvm/gems/ruby-2.4.10/gems/actionpack-4.2.8/lib/action_dispatch/middleware/templates/rescues/_trace.html.erb (0.6ms)
  Rendered /home/neelam/.rvm/gems/ruby-2.4.10/gems/actionpack-4.2.8/lib/action_dispatch/middleware/templates/routes/_route.html.erb (0.8ms)
  Rendered /home/neelam/.rvm/gems/ruby-2.4.10/gems/actionpack-4.2.8/lib/action_dispatch/middleware/templates/routes/_table.html.erb (3.3ms)
  Rendered /home/neelam/.rvm/gems/ruby-2.4.10/gems/actionpack-4.2.8/lib/action_dispatch/middleware/templates/rescues/_request_and_response.html.erb (2.8ms)
  Rendered /home/neelam/.rvm/gems/ruby-2.4.10/gems/actionpack-4.2.8/lib/action_dispatch/middleware/templates/rescues/routing_error.html.erb within rescues/layout (18.6ms)
  Rendered /home/neelam/.rvm/gems/ruby-2.4.10/gems/web-console-2.3.0/lib/web_console/templates/_markup.html.erb (0.1ms)
  Rendered /home/neelam/.rvm/gems/ruby-2.4.10/gems/web-console-2.3.0/lib/web_console/templates/_inner_console_markup.html.erb within layouts/inlined_string (0.2ms)
  Rendered /home/neelam/.rvm/gems/ruby-2.4.10/gems/web-console-2.3.0/lib/web_console/templates/_prompt_box_markup.html.erb within layouts/inlined_string (0.1ms)
  Rendered /home/neelam/.rvm/gems/ruby-2.4.10/gems/web-console-2.3.0/lib/web_console/templates/style.css.erb within layouts/inlined_string (0.1ms)
  Rendered /home/neelam/.rvm/gems/ruby-2.4.10/gems/web-console-2.3.0/lib/web_console/templates/console.js.erb within layouts/javascript (9.7ms)
  Rendered /home/neelam/.rvm/gems/ruby-2.4.10/gems/web-console-2.3.0/lib/web_console/templates/main.js.erb within layouts/javascript (0.1ms)
  Rendered /home/neelam/.rvm/gems/ruby-2.4.10/gems/web-console-2.3.0/lib/web_console/templates/error_page.js.erb within layouts/javascript (0.1ms)
  Rendered /home/neelam/.rvm/gems/ruby-2.4.10/gems/web-console-2.3.0/lib/web_console/templates/index.html.erb (16.8ms)


Started GET "/api/admins" for 127.0.0.1 at 2023-11-27 22:37:29 +0530

ActionController::RoutingError (No route matches [GET] "/api/admins"):
  actionpack (4.2.8) lib/action_dispatch/middleware/debug_exceptions.rb:21:in `call'
  web-console (2.3.0) lib/web_console/middleware.rb:28:in `block in call'
  web-console (2.3.0) lib/web_console/middleware.rb:18:in `catch'
  web-console (2.3.0) lib/web_console/middleware.rb:18:in `call'
  actionpack (4.2.8) lib/action_dispatch/middleware/show_exceptions.rb:30:in `call'
  railties (4.2.8) lib/rails/rack/logger.rb:38:in `call_app'
  railties (4.2.8) lib/rails/rack/logger.rb:20:in `block in call'
  activesupport (4.2.8) lib/active_support/tagged_logging.rb:68:in `block in tagged'
  activesupport (4.2.8) lib/active_support/tagged_logging.rb:26:in `tagged'
  activesupport (4.2.8) lib/active_support/tagged_logging.rb:68:in `tagged'
  railties (4.2.8) lib/rails/rack/logger.rb:20:in `call'
  actionpack (4.2.8) lib/action_dispatch/middleware/request_id.rb:21:in `call'
  rack (1.6.13) lib/rack/methodoverride.rb:22:in `call'
  rack (1.6.13) lib/rack/runtime.rb:18:in `call'
  activesupport (4.2.8) lib/active_support/cache/strategy/local_cache_middleware.rb:28:in `call'
  rack (1.6.13) lib/rack/lock.rb:17:in `call'
  actionpack (4.2.8) lib/action_dispatch/middleware/static.rb:120:in `call'
  rack (1.6.13) lib/rack/sendfile.rb:113:in `call'
  rack-cors (0.4.1) lib/rack/cors.rb:81:in `call'
  railties (4.2.8) lib/rails/engine.rb:518:in `call'
  railties (4.2.8) lib/rails/application.rb:165:in `call'
  rack (1.6.13) lib/rack/lock.rb:17:in `call'
  rack (1.6.13) lib/rack/content_length.rb:15:in `call'
  rack (1.6.13) lib/rack/handler/webrick.rb:88:in `service'
  /home/neelam/.rvm/rubies/ruby-2.4.10/lib/ruby/2.4.0/webrick/httpserver.rb:140:in `service'
  /home/neelam/.rvm/rubies/ruby-2.4.10/lib/ruby/2.4.0/webrick/httpserver.rb:96:in `run'
  /home/neelam/.rvm/rubies/ruby-2.4.10/lib/ruby/2.4.0/webrick/server.rb:308:in `block in start_thread'


  Rendered /home/neelam/.rvm/gems/ruby-2.4.10/gems/actionpack-4.2.8/lib/action_dispatch/middleware/templates/rescues/_trace.html.erb (0.6ms)
  Rendered /home/neelam/.rvm/gems/ruby-2.4.10/gems/actionpack-4.2.8/lib/action_dispatch/middleware/templates/routes/_route.html.erb (1.1ms)
  Rendered /home/neelam/.rvm/gems/ruby-2.4.10/gems/actionpack-4.2.8/lib/action_dispatch/middleware/templates/routes/_table.html.erb (0.6ms)
  Rendered /home/neelam/.rvm/gems/ruby-2.4.10/gems/actionpack-4.2.8/lib/action_dispatch/middleware/templates/rescues/_request_and_response.html.erb (0.5ms)
  Rendered /home/neelam/.rvm/gems/ruby-2.4.10/gems/actionpack-4.2.8/lib/action_dispatch/middleware/templates/rescues/routing_error.html.erb within rescues/layout (14.4ms)
  Rendered /home/neelam/.rvm/gems/ruby-2.4.10/gems/web-console-2.3.0/lib/web_console/templates/_markup.html.erb (0.1ms)
  Rendered /home/neelam/.rvm/gems/ruby-2.4.10/gems/web-console-2.3.0/lib/web_console/templates/_inner_console_markup.html.erb within layouts/inlined_string (0.1ms)
  Rendered /home/neelam/.rvm/gems/ruby-2.4.10/gems/web-console-2.3.0/lib/web_console/templates/_prompt_box_markup.html.erb within layouts/inlined_string (0.1ms)
  Rendered /home/neelam/.rvm/gems/ruby-2.4.10/gems/web-console-2.3.0/lib/web_console/templates/style.css.erb within layouts/inlined_string (0.1ms)
  Rendered /home/neelam/.rvm/gems/ruby-2.4.10/gems/web-console-2.3.0/lib/web_console/templates/console.js.erb within layouts/javascript (7.1ms)
  Rendered /home/neelam/.rvm/gems/ruby-2.4.10/gems/web-console-2.3.0/lib/web_console/templates/main.js.erb within layouts/javascript (0.1ms)
  Rendered /home/neelam/.rvm/gems/ruby-2.4.10/gems/web-console-2.3.0/lib/web_console/templates/error_page.js.erb within layouts/javascript (0.2ms)
  Rendered /home/neelam/.rvm/gems/ruby-2.4.10/gems/web-console-2.3.0/lib/web_console/templates/index.html.erb (14.2ms)


Started GET "/api/admins" for 127.0.0.1 at 2023-11-27 22:38:07 +0530
  [1m[36mActiveRecord::SchemaMigration Load (0.2ms)[0m  [1mSELECT "schema_migrations".* FROM "schema_migrations"[0m

ActionController::RoutingError (No route matches [GET] "/api/admins"):
  actionpack (4.2.8) lib/action_dispatch/middleware/debug_exceptions.rb:21:in `call'
  web-console (2.3.0) lib/web_console/middleware.rb:28:in `block in call'
  web-console (2.3.0) lib/web_console/middleware.rb:18:in `catch'
  web-console (2.3.0) lib/web_console/middleware.rb:18:in `call'
  actionpack (4.2.8) lib/action_dispatch/middleware/show_exceptions.rb:30:in `call'
  railties (4.2.8) lib/rails/rack/logger.rb:38:in `call_app'
  railties (4.2.8) lib/rails/rack/logger.rb:20:in `block in call'
  activesupport (4.2.8) lib/active_support/tagged_logging.rb:68:in `block in tagged'
  activesupport (4.2.8) lib/active_support/tagged_logging.rb:26:in `tagged'
  activesupport (4.2.8) lib/active_support/tagged_logging.rb:68:in `tagged'
  railties (4.2.8) lib/rails/rack/logger.rb:20:in `call'
  actionpack (4.2.8) lib/action_dispatch/middleware/request_id.rb:21:in `call'
  rack (1.6.13) lib/rack/methodoverride.rb:22:in `call'
  rack (1.6.13) lib/rack/runtime.rb:18:in `call'
  activesupport (4.2.8) lib/active_support/cache/strategy/local_cache_middleware.rb:28:in `call'
  rack (1.6.13) lib/rack/lock.rb:17:in `call'
  actionpack (4.2.8) lib/action_dispatch/middleware/static.rb:120:in `call'
  rack (1.6.13) lib/rack/sendfile.rb:113:in `call'
  rack-cors (0.4.1) lib/rack/cors.rb:81:in `call'
  railties (4.2.8) lib/rails/engine.rb:518:in `call'
  railties (4.2.8) lib/rails/application.rb:165:in `call'
  rack (1.6.13) lib/rack/lock.rb:17:in `call'
  rack (1.6.13) lib/rack/content_length.rb:15:in `call'
  rack (1.6.13) lib/rack/handler/webrick.rb:88:in `service'
  /home/neelam/.rvm/rubies/ruby-2.4.10/lib/ruby/2.4.0/webrick/httpserver.rb:140:in `service'
  /home/neelam/.rvm/rubies/ruby-2.4.10/lib/ruby/2.4.0/webrick/httpserver.rb:96:in `run'
  /home/neelam/.rvm/rubies/ruby-2.4.10/lib/ruby/2.4.0/webrick/server.rb:308:in `block in start_thread'


  Rendered /home/neelam/.rvm/gems/ruby-2.4.10/gems/actionpack-4.2.8/lib/action_dispatch/middleware/templates/rescues/_trace.html.erb (0.8ms)
  Rendered /home/neelam/.rvm/gems/ruby-2.4.10/gems/actionpack-4.2.8/lib/action_dispatch/middleware/templates/routes/_route.html.erb (0.6ms)
  Rendered /home/neelam/.rvm/gems/ruby-2.4.10/gems/actionpack-4.2.8/lib/action_dispatch/middleware/templates/routes/_table.html.erb (3.0ms)
  Rendered /home/neelam/.rvm/gems/ruby-2.4.10/gems/actionpack-4.2.8/lib/action_dispatch/middleware/templates/rescues/_request_and_response.html.erb (3.2ms)
  Rendered /home/neelam/.rvm/gems/ruby-2.4.10/gems/actionpack-4.2.8/lib/action_dispatch/middleware/templates/rescues/routing_error.html.erb within rescues/layout (18.1ms)
  Rendered /home/neelam/.rvm/gems/ruby-2.4.10/gems/web-console-2.3.0/lib/web_console/templates/_markup.html.erb (0.1ms)
  Rendered /home/neelam/.rvm/gems/ruby-2.4.10/gems/web-console-2.3.0/lib/web_console/templates/_inner_console_markup.html.erb within layouts/inlined_string (0.1ms)
  Rendered /home/neelam/.rvm/gems/ruby-2.4.10/gems/web-console-2.3.0/lib/web_console/templates/_prompt_box_markup.html.erb within layouts/inlined_string (0.1ms)
  Rendered /home/neelam/.rvm/gems/ruby-2.4.10/gems/web-console-2.3.0/lib/web_console/templates/style.css.erb within layouts/inlined_string (0.1ms)
  Rendered /home/neelam/.rvm/gems/ruby-2.4.10/gems/web-console-2.3.0/lib/web_console/templates/console.js.erb within layouts/javascript (9.7ms)
  Rendered /home/neelam/.rvm/gems/ruby-2.4.10/gems/web-console-2.3.0/lib/web_console/templates/main.js.erb within layouts/javascript (0.1ms)
  Rendered /home/neelam/.rvm/gems/ruby-2.4.10/gems/web-console-2.3.0/lib/web_console/templates/error_page.js.erb within layouts/javascript (0.2ms)
  Rendered /home/neelam/.rvm/gems/ruby-2.4.10/gems/web-console-2.3.0/lib/web_console/templates/index.html.erb (16.9ms)


Started GET "/api/admins" for 127.0.0.1 at 2023-11-27 22:38:07 +0530

ActionController::RoutingError (No route matches [GET] "/api/admins"):
  actionpack (4.2.8) lib/action_dispatch/middleware/debug_exceptions.rb:21:in `call'
  web-console (2.3.0) lib/web_console/middleware.rb:28:in `block in call'
  web-console (2.3.0) lib/web_console/middleware.rb:18:in `catch'
  web-console (2.3.0) lib/web_console/middleware.rb:18:in `call'
  actionpack (4.2.8) lib/action_dispatch/middleware/show_exceptions.rb:30:in `call'
  railties (4.2.8) lib/rails/rack/logger.rb:38:in `call_app'
  railties (4.2.8) lib/rails/rack/logger.rb:20:in `block in call'
  activesupport (4.2.8) lib/active_support/tagged_logging.rb:68:in `block in tagged'
  activesupport (4.2.8) lib/active_support/tagged_logging.rb:26:in `tagged'
  activesupport (4.2.8) lib/active_support/tagged_logging.rb:68:in `tagged'
  railties (4.2.8) lib/rails/rack/logger.rb:20:in `call'
  actionpack (4.2.8) lib/action_dispatch/middleware/request_id.rb:21:in `call'
  rack (1.6.13) lib/rack/methodoverride.rb:22:in `call'
  rack (1.6.13) lib/rack/runtime.rb:18:in `call'
  activesupport (4.2.8) lib/active_support/cache/strategy/local_cache_middleware.rb:28:in `call'
  rack (1.6.13) lib/rack/lock.rb:17:in `call'
  actionpack (4.2.8) lib/action_dispatch/middleware/static.rb:120:in `call'
  rack (1.6.13) lib/rack/sendfile.rb:113:in `call'
  rack-cors (0.4.1) lib/rack/cors.rb:81:in `call'
  railties (4.2.8) lib/rails/engine.rb:518:in `call'
  railties (4.2.8) lib/rails/application.rb:165:in `call'
  rack (1.6.13) lib/rack/lock.rb:17:in `call'
  rack (1.6.13) lib/rack/content_length.rb:15:in `call'
  rack (1.6.13) lib/rack/handler/webrick.rb:88:in `service'
  /home/neelam/.rvm/rubies/ruby-2.4.10/lib/ruby/2.4.0/webrick/httpserver.rb:140:in `service'
  /home/neelam/.rvm/rubies/ruby-2.4.10/lib/ruby/2.4.0/webrick/httpserver.rb:96:in `run'
  /home/neelam/.rvm/rubies/ruby-2.4.10/lib/ruby/2.4.0/webrick/server.rb:308:in `block in start_thread'


  Rendered /home/neelam/.rvm/gems/ruby-2.4.10/gems/actionpack-4.2.8/lib/action_dispatch/middleware/templates/rescues/_trace.html.erb (0.6ms)
  Rendered /home/neelam/.rvm/gems/ruby-2.4.10/gems/actionpack-4.2.8/lib/action_dispatch/middleware/templates/routes/_route.html.erb (0.5ms)
  Rendered /home/neelam/.rvm/gems/ruby-2.4.10/gems/actionpack-4.2.8/lib/action_dispatch/middleware/templates/routes/_table.html.erb (0.5ms)
  Rendered /home/neelam/.rvm/gems/ruby-2.4.10/gems/actionpack-4.2.8/lib/action_dispatch/middleware/templates/rescues/_request_and_response.html.erb (0.5ms)
  Rendered /home/neelam/.rvm/gems/ruby-2.4.10/gems/actionpack-4.2.8/lib/action_dispatch/middleware/templates/rescues/routing_error.html.erb within rescues/layout (10.4ms)
  Rendered /home/neelam/.rvm/gems/ruby-2.4.10/gems/web-console-2.3.0/lib/web_console/templates/_markup.html.erb (0.2ms)
  Rendered /home/neelam/.rvm/gems/ruby-2.4.10/gems/web-console-2.3.0/lib/web_console/templates/_inner_console_markup.html.erb within layouts/inlined_string (0.2ms)
  Rendered /home/neelam/.rvm/gems/ruby-2.4.10/gems/web-console-2.3.0/lib/web_console/templates/_prompt_box_markup.html.erb within layouts/inlined_string (0.1ms)
  Rendered /home/neelam/.rvm/gems/ruby-2.4.10/gems/web-console-2.3.0/lib/web_console/templates/style.css.erb within layouts/inlined_string (0.1ms)
  Rendered /home/neelam/.rvm/gems/ruby-2.4.10/gems/web-console-2.3.0/lib/web_console/templates/console.js.erb within layouts/javascript (7.8ms)
  Rendered /home/neelam/.rvm/gems/ruby-2.4.10/gems/web-console-2.3.0/lib/web_console/templates/main.js.erb within layouts/javascript (0.1ms)
  Rendered /home/neelam/.rvm/gems/ruby-2.4.10/gems/web-console-2.3.0/lib/web_console/templates/error_page.js.erb within layouts/javascript (0.1ms)
  Rendered /home/neelam/.rvm/gems/ruby-2.4.10/gems/web-console-2.3.0/lib/web_console/templates/index.html.erb (15.5ms)


Started GET "/" for 127.0.0.1 at 2023-11-27 22:39:08 +0530
  [1m[36mActiveRecord::SchemaMigration Load (0.3ms)[0m  [1mSELECT "schema_migrations".* FROM "schema_migrations"[0m
Processing by Rails::WelcomeController#index as HTML
  Rendered /home/neelam/.rvm/gems/ruby-2.4.10/gems/railties-4.2.8/lib/rails/templates/rails/welcome/index.html.erb (0.7ms)
Completed 200 OK in 7ms (Views: 4.6ms | ActiveRecord: 0.0ms)


Started GET "/main.30b81a307b74365a8e3b.hot-update.json" for 127.0.0.1 at 2023-11-27 22:39:08 +0530

ActionController::RoutingError (No route matches [GET] "/main.30b81a307b74365a8e3b.hot-update.json"):
  actionpack (4.2.8) lib/action_dispatch/middleware/debug_exceptions.rb:21:in `call'
  web-console (2.3.0) lib/web_console/middleware.rb:28:in `block in call'
  web-console (2.3.0) lib/web_console/middleware.rb:18:in `catch'
  web-console (2.3.0) lib/web_console/middleware.rb:18:in `call'
  actionpack (4.2.8) lib/action_dispatch/middleware/show_exceptions.rb:30:in `call'
  railties (4.2.8) lib/rails/rack/logger.rb:38:in `call_app'
  railties (4.2.8) lib/rails/rack/logger.rb:20:in `block in call'
  activesupport (4.2.8) lib/active_support/tagged_logging.rb:68:in `block in tagged'
  activesupport (4.2.8) lib/active_support/tagged_logging.rb:26:in `tagged'
  activesupport (4.2.8) lib/active_support/tagged_logging.rb:68:in `tagged'
  railties (4.2.8) lib/rails/rack/logger.rb:20:in `call'
  actionpack (4.2.8) lib/action_dispatch/middleware/request_id.rb:21:in `call'
  rack (1.6.13) lib/rack/methodoverride.rb:22:in `call'
  rack (1.6.13) lib/rack/runtime.rb:18:in `call'
  activesupport (4.2.8) lib/active_support/cache/strategy/local_cache_middleware.rb:28:in `call'
  rack (1.6.13) lib/rack/lock.rb:17:in `call'
  actionpack (4.2.8) lib/action_dispatch/middleware/static.rb:120:in `call'
  rack (1.6.13) lib/rack/sendfile.rb:113:in `call'
  rack-cors (0.4.1) lib/rack/cors.rb:81:in `call'
  railties (4.2.8) lib/rails/engine.rb:518:in `call'
  railties (4.2.8) lib/rails/application.rb:165:in `call'
  rack (1.6.13) lib/rack/lock.rb:17:in `call'
  rack (1.6.13) lib/rack/content_length.rb:15:in `call'
  rack (1.6.13) lib/rack/handler/webrick.rb:88:in `service'
  /home/neelam/.rvm/rubies/ruby-2.4.10/lib/ruby/2.4.0/webrick/httpserver.rb:140:in `service'
  /home/neelam/.rvm/rubies/ruby-2.4.10/lib/ruby/2.4.0/webrick/httpserver.rb:96:in `run'
  /home/neelam/.rvm/rubies/ruby-2.4.10/lib/ruby/2.4.0/webrick/server.rb:308:in `block in start_thread'


  Rendered /home/neelam/.rvm/gems/ruby-2.4.10/gems/actionpack-4.2.8/lib/action_dispatch/middleware/templates/rescues/_trace.html.erb (0.6ms)
  Rendered /home/neelam/.rvm/gems/ruby-2.4.10/gems/actionpack-4.2.8/lib/action_dispatch/middleware/templates/routes/_route.html.erb (0.9ms)
  Rendered /home/neelam/.rvm/gems/ruby-2.4.10/gems/actionpack-4.2.8/lib/action_dispatch/middleware/templates/routes/_table.html.erb (3.5ms)
  Rendered /home/neelam/.rvm/gems/ruby-2.4.10/gems/actionpack-4.2.8/lib/action_dispatch/middleware/templates/rescues/_request_and_response.html.erb (0.6ms)
  Rendered /home/neelam/.rvm/gems/ruby-2.4.10/gems/actionpack-4.2.8/lib/action_dispatch/middleware/templates/rescues/routing_error.html.erb within rescues/layout (16.3ms)
  Rendered /home/neelam/.rvm/gems/ruby-2.4.10/gems/web-console-2.3.0/lib/web_console/templates/_markup.html.erb (0.1ms)
  Rendered /home/neelam/.rvm/gems/ruby-2.4.10/gems/web-console-2.3.0/lib/web_console/templates/_inner_console_markup.html.erb within layouts/inlined_string (0.1ms)
  Rendered /home/neelam/.rvm/gems/ruby-2.4.10/gems/web-console-2.3.0/lib/web_console/templates/_prompt_box_markup.html.erb within layouts/inlined_string (0.2ms)
  Rendered /home/neelam/.rvm/gems/ruby-2.4.10/gems/web-console-2.3.0/lib/web_console/templates/style.css.erb within layouts/inlined_string (0.2ms)
  Rendered /home/neelam/.rvm/gems/ruby-2.4.10/gems/web-console-2.3.0/lib/web_console/templates/console.js.erb within layouts/javascript (9.8ms)
  Rendered /home/neelam/.rvm/gems/ruby-2.4.10/gems/web-console-2.3.0/lib/web_console/templates/main.js.erb within layouts/javascript (0.1ms)
  Rendered /home/neelam/.rvm/gems/ruby-2.4.10/gems/web-console-2.3.0/lib/web_console/templates/error_page.js.erb within layouts/javascript (0.2ms)
  Rendered /home/neelam/.rvm/gems/ruby-2.4.10/gems/web-console-2.3.0/lib/web_console/templates/index.html.erb (16.9ms)


Started GET "/main.30b81a307b74365a8e3b.hot-update.json" for 127.0.0.1 at 2023-11-27 22:39:08 +0530

ActionController::RoutingError (No route matches [GET] "/main.30b81a307b74365a8e3b.hot-update.json"):
  actionpack (4.2.8) lib/action_dispatch/middleware/debug_exceptions.rb:21:in `call'
  web-console (2.3.0) lib/web_console/middleware.rb:28:in `block in call'
  web-console (2.3.0) lib/web_console/middleware.rb:18:in `catch'
  web-console (2.3.0) lib/web_console/middleware.rb:18:in `call'
  actionpack (4.2.8) lib/action_dispatch/middleware/show_exceptions.rb:30:in `call'
  railties (4.2.8) lib/rails/rack/logger.rb:38:in `call_app'
  railties (4.2.8) lib/rails/rack/logger.rb:20:in `block in call'
  activesupport (4.2.8) lib/active_support/tagged_logging.rb:68:in `block in tagged'
  activesupport (4.2.8) lib/active_support/tagged_logging.rb:26:in `tagged'
  activesupport (4.2.8) lib/active_support/tagged_logging.rb:68:in `tagged'
  railties (4.2.8) lib/rails/rack/logger.rb:20:in `call'
  actionpack (4.2.8) lib/action_dispatch/middleware/request_id.rb:21:in `call'
  rack (1.6.13) lib/rack/methodoverride.rb:22:in `call'
  rack (1.6.13) lib/rack/runtime.rb:18:in `call'
  activesupport (4.2.8) lib/active_support/cache/strategy/local_cache_middleware.rb:28:in `call'
  rack (1.6.13) lib/rack/lock.rb:17:in `call'
  actionpack (4.2.8) lib/action_dispatch/middleware/static.rb:120:in `call'
  rack (1.6.13) lib/rack/sendfile.rb:113:in `call'
  rack-cors (0.4.1) lib/rack/cors.rb:81:in `call'
  railties (4.2.8) lib/rails/engine.rb:518:in `call'
  railties (4.2.8) lib/rails/application.rb:165:in `call'
  rack (1.6.13) lib/rack/lock.rb:17:in `call'
  rack (1.6.13) lib/rack/content_length.rb:15:in `call'
  rack (1.6.13) lib/rack/handler/webrick.rb:88:in `service'
  /home/neelam/.rvm/rubies/ruby-2.4.10/lib/ruby/2.4.0/webrick/httpserver.rb:140:in `service'
  /home/neelam/.rvm/rubies/ruby-2.4.10/lib/ruby/2.4.0/webrick/httpserver.rb:96:in `run'
  /home/neelam/.rvm/rubies/ruby-2.4.10/lib/ruby/2.4.0/webrick/server.rb:308:in `block in start_thread'


  Rendered /home/neelam/.rvm/gems/ruby-2.4.10/gems/actionpack-4.2.8/lib/action_dispatch/middleware/templates/rescues/_trace.html.erb (0.7ms)
  Rendered /home/neelam/.rvm/gems/ruby-2.4.10/gems/actionpack-4.2.8/lib/action_dispatch/middleware/templates/routes/_route.html.erb (0.6ms)
  Rendered /home/neelam/.rvm/gems/ruby-2.4.10/gems/actionpack-4.2.8/lib/action_dispatch/middleware/templates/routes/_table.html.erb (0.7ms)
  Rendered /home/neelam/.rvm/gems/ruby-2.4.10/gems/actionpack-4.2.8/lib/action_dispatch/middleware/templates/rescues/_request_and_response.html.erb (0.6ms)
  Rendered /home/neelam/.rvm/gems/ruby-2.4.10/gems/actionpack-4.2.8/lib/action_dispatch/middleware/templates/rescues/routing_error.html.erb within rescues/layout (12.2ms)
  Rendered /home/neelam/.rvm/gems/ruby-2.4.10/gems/web-console-2.3.0/lib/web_console/templates/_markup.html.erb (0.2ms)
  Rendered /home/neelam/.rvm/gems/ruby-2.4.10/gems/web-console-2.3.0/lib/web_console/templates/_inner_console_markup.html.erb within layouts/inlined_string (0.1ms)
  Rendered /home/neelam/.rvm/gems/ruby-2.4.10/gems/web-console-2.3.0/lib/web_console/templates/_prompt_box_markup.html.erb within layouts/inlined_string (0.1ms)
  Rendered /home/neelam/.rvm/gems/ruby-2.4.10/gems/web-console-2.3.0/lib/web_console/templates/style.css.erb within layouts/inlined_string (0.2ms)
  Rendered /home/neelam/.rvm/gems/ruby-2.4.10/gems/web-console-2.3.0/lib/web_console/templates/console.js.erb within layouts/javascript (9.7ms)
  Rendered /home/neelam/.rvm/gems/ruby-2.4.10/gems/web-console-2.3.0/lib/web_console/templates/main.js.erb within layouts/javascript (0.1ms)
  Rendered /home/neelam/.rvm/gems/ruby-2.4.10/gems/web-console-2.3.0/lib/web_console/templates/error_page.js.erb within layouts/javascript (0.1ms)
  Rendered /home/neelam/.rvm/gems/ruby-2.4.10/gems/web-console-2.3.0/lib/web_console/templates/index.html.erb (16.8ms)


Started GET "/" for 127.0.0.1 at 2023-11-27 22:39:08 +0530
Processing by Rails::WelcomeController#index as HTML
  Rendered /home/neelam/.rvm/gems/ruby-2.4.10/gems/railties-4.2.8/lib/rails/templates/rails/welcome/index.html.erb (0.1ms)
Completed 200 OK in 1ms (Views: 0.6ms | ActiveRecord: 0.0ms)


Started GET "/main.30b81a307b74365a8e3b.hot-update.json" for 127.0.0.1 at 2023-11-27 22:39:08 +0530

ActionController::RoutingError (No route matches [GET] "/main.30b81a307b74365a8e3b.hot-update.json"):
  actionpack (4.2.8) lib/action_dispatch/middleware/debug_exceptions.rb:21:in `call'
  web-console (2.3.0) lib/web_console/middleware.rb:28:in `block in call'
  web-console (2.3.0) lib/web_console/middleware.rb:18:in `catch'
  web-console (2.3.0) lib/web_console/middleware.rb:18:in `call'
  actionpack (4.2.8) lib/action_dispatch/middleware/show_exceptions.rb:30:in `call'
  railties (4.2.8) lib/rails/rack/logger.rb:38:in `call_app'
  railties (4.2.8) lib/rails/rack/logger.rb:20:in `block in call'
  activesupport (4.2.8) lib/active_support/tagged_logging.rb:68:in `block in tagged'
  activesupport (4.2.8) lib/active_support/tagged_logging.rb:26:in `tagged'
  activesupport (4.2.8) lib/active_support/tagged_logging.rb:68:in `tagged'
  railties (4.2.8) lib/rails/rack/logger.rb:20:in `call'
  actionpack (4.2.8) lib/action_dispatch/middleware/request_id.rb:21:in `call'
  rack (1.6.13) lib/rack/methodoverride.rb:22:in `call'
  rack (1.6.13) lib/rack/runtime.rb:18:in `call'
  activesupport (4.2.8) lib/active_support/cache/strategy/local_cache_middleware.rb:28:in `call'
  rack (1.6.13) lib/rack/lock.rb:17:in `call'
  actionpack (4.2.8) lib/action_dispatch/middleware/static.rb:120:in `call'
  rack (1.6.13) lib/rack/sendfile.rb:113:in `call'
  rack-cors (0.4.1) lib/rack/cors.rb:81:in `call'
  railties (4.2.8) lib/rails/engine.rb:518:in `call'
  railties (4.2.8) lib/rails/application.rb:165:in `call'
  rack (1.6.13) lib/rack/lock.rb:17:in `call'
  rack (1.6.13) lib/rack/content_length.rb:15:in `call'
  rack (1.6.13) lib/rack/handler/webrick.rb:88:in `service'
  /home/neelam/.rvm/rubies/ruby-2.4.10/lib/ruby/2.4.0/webrick/httpserver.rb:140:in `service'
  /home/neelam/.rvm/rubies/ruby-2.4.10/lib/ruby/2.4.0/webrick/httpserver.rb:96:in `run'
  /home/neelam/.rvm/rubies/ruby-2.4.10/lib/ruby/2.4.0/webrick/server.rb:308:in `block in start_thread'


  Rendered /home/neelam/.rvm/gems/ruby-2.4.10/gems/actionpack-4.2.8/lib/action_dispatch/middleware/templates/rescues/_trace.html.erb (0.8ms)
  Rendered /home/neelam/.rvm/gems/ruby-2.4.10/gems/actionpack-4.2.8/lib/action_dispatch/middleware/templates/routes/_route.html.erb (0.8ms)
  Rendered /home/neelam/.rvm/gems/ruby-2.4.10/gems/actionpack-4.2.8/lib/action_dispatch/middleware/templates/routes/_table.html.erb (0.6ms)
  Rendered /home/neelam/.rvm/gems/ruby-2.4.10/gems/actionpack-4.2.8/lib/action_dispatch/middleware/templates/rescues/_request_and_response.html.erb (0.7ms)
  Rendered /home/neelam/.rvm/gems/ruby-2.4.10/gems/actionpack-4.2.8/lib/action_dispatch/middleware/templates/rescues/routing_error.html.erb within rescues/layout (13.2ms)
  Rendered /home/neelam/.rvm/gems/ruby-2.4.10/gems/web-console-2.3.0/lib/web_console/templates/_markup.html.erb (0.2ms)
  Rendered /home/neelam/.rvm/gems/ruby-2.4.10/gems/web-console-2.3.0/lib/web_console/templates/_inner_console_markup.html.erb within layouts/inlined_string (0.2ms)
  Rendered /home/neelam/.rvm/gems/ruby-2.4.10/gems/web-console-2.3.0/lib/web_console/templates/_prompt_box_markup.html.erb within layouts/inlined_string (0.1ms)
  Rendered /home/neelam/.rvm/gems/ruby-2.4.10/gems/web-console-2.3.0/lib/web_console/templates/style.css.erb within layouts/inlined_string (0.1ms)
  Rendered /home/neelam/.rvm/gems/ruby-2.4.10/gems/web-console-2.3.0/lib/web_console/templates/console.js.erb within layouts/javascript (7.4ms)
  Rendered /home/neelam/.rvm/gems/ruby-2.4.10/gems/web-console-2.3.0/lib/web_console/templates/main.js.erb within layouts/javascript (0.1ms)
  Rendered /home/neelam/.rvm/gems/ruby-2.4.10/gems/web-console-2.3.0/lib/web_console/templates/error_page.js.erb within layouts/javascript (0.2ms)
  Rendered /home/neelam/.rvm/gems/ruby-2.4.10/gems/web-console-2.3.0/lib/web_console/templates/index.html.erb (15.1ms)


Started GET "/" for 127.0.0.1 at 2023-11-27 22:39:08 +0530
Processing by Rails::WelcomeController#index as HTML
  Rendered /home/neelam/.rvm/gems/ruby-2.4.10/gems/railties-4.2.8/lib/rails/templates/rails/welcome/index.html.erb (0.0ms)
Completed 200 OK in 1ms (Views: 0.6ms | ActiveRecord: 0.0ms)


Started GET "/main.30b81a307b74365a8e3b.hot-update.json" for 127.0.0.1 at 2023-11-27 22:39:08 +0530

ActionController::RoutingError (No route matches [GET] "/main.30b81a307b74365a8e3b.hot-update.json"):
  actionpack (4.2.8) lib/action_dispatch/middleware/debug_exceptions.rb:21:in `call'
  web-console (2.3.0) lib/web_console/middleware.rb:28:in `block in call'
  web-console (2.3.0) lib/web_console/middleware.rb:18:in `catch'
  web-console (2.3.0) lib/web_console/middleware.rb:18:in `call'
  actionpack (4.2.8) lib/action_dispatch/middleware/show_exceptions.rb:30:in `call'
  railties (4.2.8) lib/rails/rack/logger.rb:38:in `call_app'
  railties (4.2.8) lib/rails/rack/logger.rb:20:in `block in call'
  activesupport (4.2.8) lib/active_support/tagged_logging.rb:68:in `block in tagged'
  activesupport (4.2.8) lib/active_support/tagged_logging.rb:26:in `tagged'
  activesupport (4.2.8) lib/active_support/tagged_logging.rb:68:in `tagged'
  railties (4.2.8) lib/rails/rack/logger.rb:20:in `call'
  actionpack (4.2.8) lib/action_dispatch/middleware/request_id.rb:21:in `call'
  rack (1.6.13) lib/rack/methodoverride.rb:22:in `call'
  rack (1.6.13) lib/rack/runtime.rb:18:in `call'
  activesupport (4.2.8) lib/active_support/cache/strategy/local_cache_middleware.rb:28:in `call'
  rack (1.6.13) lib/rack/lock.rb:17:in `call'
  actionpack (4.2.8) lib/action_dispatch/middleware/static.rb:120:in `call'
  rack (1.6.13) lib/rack/sendfile.rb:113:in `call'
  rack-cors (0.4.1) lib/rack/cors.rb:81:in `call'
  railties (4.2.8) lib/rails/engine.rb:518:in `call'
  railties (4.2.8) lib/rails/application.rb:165:in `call'
  rack (1.6.13) lib/rack/lock.rb:17:in `call'
  rack (1.6.13) lib/rack/content_length.rb:15:in `call'
  rack (1.6.13) lib/rack/handler/webrick.rb:88:in `service'
  /home/neelam/.rvm/rubies/ruby-2.4.10/lib/ruby/2.4.0/webrick/httpserver.rb:140:in `service'
  /home/neelam/.rvm/rubies/ruby-2.4.10/lib/ruby/2.4.0/webrick/httpserver.rb:96:in `run'
  /home/neelam/.rvm/rubies/ruby-2.4.10/lib/ruby/2.4.0/webrick/server.rb:308:in `block in start_thread'


  Rendered /home/neelam/.rvm/gems/ruby-2.4.10/gems/actionpack-4.2.8/lib/action_dispatch/middleware/templates/rescues/_trace.html.erb (0.8ms)
  Rendered /home/neelam/.rvm/gems/ruby-2.4.10/gems/actionpack-4.2.8/lib/action_dispatch/middleware/templates/routes/_route.html.erb (0.7ms)
  Rendered /home/neelam/.rvm/gems/ruby-2.4.10/gems/actionpack-4.2.8/lib/action_dispatch/middleware/templates/routes/_table.html.erb (0.6ms)
  Rendered /home/neelam/.rvm/gems/ruby-2.4.10/gems/actionpack-4.2.8/lib/action_dispatch/middleware/templates/rescues/_request_and_response.html.erb (0.5ms)
  Rendered /home/neelam/.rvm/gems/ruby-2.4.10/gems/actionpack-4.2.8/lib/action_dispatch/middleware/templates/rescues/routing_error.html.erb within rescues/layout (12.4ms)
  Rendered /home/neelam/.rvm/gems/ruby-2.4.10/gems/web-console-2.3.0/lib/web_console/templates/_markup.html.erb (0.1ms)
  Rendered /home/neelam/.rvm/gems/ruby-2.4.10/gems/web-console-2.3.0/lib/web_console/templates/_inner_console_markup.html.erb within layouts/inlined_string (0.2ms)
  Rendered /home/neelam/.rvm/gems/ruby-2.4.10/gems/web-console-2.3.0/lib/web_console/templates/_prompt_box_markup.html.erb within layouts/inlined_string (0.1ms)
  Rendered /home/neelam/.rvm/gems/ruby-2.4.10/gems/web-console-2.3.0/lib/web_console/templates/style.css.erb within layouts/inlined_string (0.1ms)
  Rendered /home/neelam/.rvm/gems/ruby-2.4.10/gems/web-console-2.3.0/lib/web_console/templates/console.js.erb within layouts/javascript (7.5ms)
  Rendered /home/neelam/.rvm/gems/ruby-2.4.10/gems/web-console-2.3.0/lib/web_console/templates/main.js.erb within layouts/javascript (0.1ms)
  Rendered /home/neelam/.rvm/gems/ruby-2.4.10/gems/web-console-2.3.0/lib/web_console/templates/error_page.js.erb within layouts/javascript (0.1ms)
  Rendered /home/neelam/.rvm/gems/ruby-2.4.10/gems/web-console-2.3.0/lib/web_console/templates/index.html.erb (14.5ms)


Started GET "/" for 127.0.0.1 at 2023-11-27 22:39:08 +0530
Processing by Rails::WelcomeController#index as HTML
  Rendered /home/neelam/.rvm/gems/ruby-2.4.10/gems/railties-4.2.8/lib/rails/templates/rails/welcome/index.html.erb (0.0ms)
Completed 200 OK in 1ms (Views: 0.5ms | ActiveRecord: 0.0ms)


Started GET "/" for 127.0.0.1 at 2023-11-27 22:39:08 +0530
Processing by Rails::WelcomeController#index as HTML
  Rendered /home/neelam/.rvm/gems/ruby-2.4.10/gems/railties-4.2.8/lib/rails/templates/rails/welcome/index.html.erb (0.1ms)
Completed 200 OK in 1ms (Views: 0.6ms | ActiveRecord: 0.0ms)


Started GET "/main.30b81a307b74365a8e3b.hot-update.json" for 127.0.0.1 at 2023-11-27 22:39:11 +0530

ActionController::RoutingError (No route matches [GET] "/main.30b81a307b74365a8e3b.hot-update.json"):
  actionpack (4.2.8) lib/action_dispatch/middleware/debug_exceptions.rb:21:in `call'
  web-console (2.3.0) lib/web_console/middleware.rb:28:in `block in call'
  web-console (2.3.0) lib/web_console/middleware.rb:18:in `catch'
  web-console (2.3.0) lib/web_console/middleware.rb:18:in `call'
  actionpack (4.2.8) lib/action_dispatch/middleware/show_exceptions.rb:30:in `call'
  railties (4.2.8) lib/rails/rack/logger.rb:38:in `call_app'
  railties (4.2.8) lib/rails/rack/logger.rb:20:in `block in call'
  activesupport (4.2.8) lib/active_support/tagged_logging.rb:68:in `block in tagged'
  activesupport (4.2.8) lib/active_support/tagged_logging.rb:26:in `tagged'
  activesupport (4.2.8) lib/active_support/tagged_logging.rb:68:in `tagged'
  railties (4.2.8) lib/rails/rack/logger.rb:20:in `call'
  actionpack (4.2.8) lib/action_dispatch/middleware/request_id.rb:21:in `call'
  rack (1.6.13) lib/rack/methodoverride.rb:22:in `call'
  rack (1.6.13) lib/rack/runtime.rb:18:in `call'
  activesupport (4.2.8) lib/active_support/cache/strategy/local_cache_middleware.rb:28:in `call'
  rack (1.6.13) lib/rack/lock.rb:17:in `call'
  actionpack (4.2.8) lib/action_dispatch/middleware/static.rb:120:in `call'
  rack (1.6.13) lib/rack/sendfile.rb:113:in `call'
  rack-cors (0.4.1) lib/rack/cors.rb:81:in `call'
  railties (4.2.8) lib/rails/engine.rb:518:in `call'
  railties (4.2.8) lib/rails/application.rb:165:in `call'
  rack (1.6.13) lib/rack/lock.rb:17:in `call'
  rack (1.6.13) lib/rack/content_length.rb:15:in `call'
  rack (1.6.13) lib/rack/handler/webrick.rb:88:in `service'
  /home/neelam/.rvm/rubies/ruby-2.4.10/lib/ruby/2.4.0/webrick/httpserver.rb:140:in `service'
  /home/neelam/.rvm/rubies/ruby-2.4.10/lib/ruby/2.4.0/webrick/httpserver.rb:96:in `run'
  /home/neelam/.rvm/rubies/ruby-2.4.10/lib/ruby/2.4.0/webrick/server.rb:308:in `block in start_thread'


  Rendered /home/neelam/.rvm/gems/ruby-2.4.10/gems/actionpack-4.2.8/lib/action_dispatch/middleware/templates/rescues/_trace.html.erb (0.8ms)
  Rendered /home/neelam/.rvm/gems/ruby-2.4.10/gems/actionpack-4.2.8/lib/action_dispatch/middleware/templates/routes/_route.html.erb (0.6ms)
  Rendered /home/neelam/.rvm/gems/ruby-2.4.10/gems/actionpack-4.2.8/lib/action_dispatch/middleware/templates/routes/_table.html.erb (0.5ms)
  Rendered /home/neelam/.rvm/gems/ruby-2.4.10/gems/actionpack-4.2.8/lib/action_dispatch/middleware/templates/rescues/_request_and_response.html.erb (0.5ms)
  Rendered /home/neelam/.rvm/gems/ruby-2.4.10/gems/actionpack-4.2.8/lib/action_dispatch/middleware/templates/rescues/routing_error.html.erb within rescues/layout (11.0ms)
  Rendered /home/neelam/.rvm/gems/ruby-2.4.10/gems/web-console-2.3.0/lib/web_console/templates/_markup.html.erb (0.1ms)
  Rendered /home/neelam/.rvm/gems/ruby-2.4.10/gems/web-console-2.3.0/lib/web_console/templates/_inner_console_markup.html.erb within layouts/inlined_string (0.1ms)
  Rendered /home/neelam/.rvm/gems/ruby-2.4.10/gems/web-console-2.3.0/lib/web_console/templates/_prompt_box_markup.html.erb within layouts/inlined_string (0.1ms)
  Rendered /home/neelam/.rvm/gems/ruby-2.4.10/gems/web-console-2.3.0/lib/web_console/templates/style.css.erb within layouts/inlined_string (0.1ms)
  Rendered /home/neelam/.rvm/gems/ruby-2.4.10/gems/web-console-2.3.0/lib/web_console/templates/console.js.erb within layouts/javascript (7.0ms)
  Rendered /home/neelam/.rvm/gems/ruby-2.4.10/gems/web-console-2.3.0/lib/web_console/templates/main.js.erb within layouts/javascript (0.1ms)
  Rendered /home/neelam/.rvm/gems/ruby-2.4.10/gems/web-console-2.3.0/lib/web_console/templates/error_page.js.erb within layouts/javascript (0.1ms)
  Rendered /home/neelam/.rvm/gems/ruby-2.4.10/gems/web-console-2.3.0/lib/web_console/templates/index.html.erb (13.8ms)


Started GET "/" for 127.0.0.1 at 2023-11-27 22:39:11 +0530
Processing by Rails::WelcomeController#index as HTML
  Rendered /home/neelam/.rvm/gems/ruby-2.4.10/gems/railties-4.2.8/lib/rails/templates/rails/welcome/index.html.erb (0.1ms)
Completed 200 OK in 1ms (Views: 0.6ms | ActiveRecord: 0.0ms)


Started GET "/admins" for 127.0.0.1 at 2023-11-27 22:39:53 +0530
Processing by AdminsController#index as HTML
  [1m[35mAdmin Load (4.1ms)[0m  SELECT "admins".* FROM "admins"
[active_model_serializers] Rendered ActiveModel::Serializer::CollectionSerializer with ActiveModelSerializers::Adapter::Attributes (0.1ms)
Completed 200 OK in 17ms (Views: 10.1ms | ActiveRecord: 4.8ms)


Started GET "/admins" for 127.0.0.1 at 2023-11-27 22:40:01 +0530
Processing by AdminsController#index as HTML
  [1m[36mAdmin Load (0.6ms)[0m  [1mSELECT "admins".* FROM "admins"[0m
[active_model_serializers] Rendered ActiveModel::Serializer::CollectionSerializer with ActiveModelSerializers::Adapter::Attributes (0.11ms)
Completed 200 OK in 3ms (Views: 1.6ms | ActiveRecord: 0.6ms)


Started GET "/admins" for 127.0.0.1 at 2023-11-27 22:40:37 +0530
  [1m[36mActiveRecord::SchemaMigration Load (0.4ms)[0m  [1mSELECT "schema_migrations".* FROM "schema_migrations"[0m
Processing by AdminsController#index as */*
  [1m[35mAdmin Load (0.5ms)[0m  SELECT "admins".* FROM "admins"
[active_model_serializers] Rendered ActiveModel::Serializer::CollectionSerializer with ActiveModelSerializers::Adapter::Attributes (0.07ms)
Completed 200 OK in 10ms (Views: 4.8ms | ActiveRecord: 0.9ms)


Started GET "/admins" for 127.0.0.1 at 2023-11-27 22:40:37 +0530
Processing by AdminsController#index as */*
  [1m[36mAdmin Load (0.3ms)[0m  [1mSELECT "admins".* FROM "admins"[0m
[active_model_serializers] Rendered ActiveModel::Serializer::CollectionSerializer with ActiveModelSerializers::Adapter::Attributes (0.05ms)
Completed 200 OK in 1ms (Views: 0.7ms | ActiveRecord: 0.3ms)
  [1m[36m (0.5ms)[0m  [1mBEGIN[0m
  [1m[35mAdmin Exists (1.2ms)[0m  SELECT  1 AS one FROM "admins" WHERE "admins"."email" = 'neelam.jain.gour@gmail.com' LIMIT 1
  [1m[36m (0.2ms)[0m  [1mROLLBACK[0m
  [1m[35m (0.4ms)[0m  BEGIN
  [1m[36mAdmin Exists (0.7ms)[0m  [1mSELECT  1 AS one FROM "admins" WHERE "admins"."email" = 'neelam.jain.gour@gmail.com' LIMIT 1[0m
  [1m[35m (0.4ms)[0m  ROLLBACK
  [1m[36m (0.4ms)[0m  [1mBEGIN[0m
  [1m[35mAdmin Exists (0.8ms)[0m  SELECT  1 AS one FROM "admins" WHERE "admins"."email" = 'neelam.jain.gour@gmail.com' LIMIT 1
  [1m[36m (0.4ms)[0m  [1mROLLBACK[0m
  [1m[35m (0.3ms)[0m  BEGIN
  [1m[36mAdmin Exists (0.4ms)[0m  [1mSELECT  1 AS one FROM "admins" WHERE "admins"."email" = 'neelam.jain.gour@gmail.com' LIMIT 1[0m
  [1m[35mSQL (8.7ms)[0m  INSERT INTO "admins" ("name", "email", "role", "encrypted_password", "created_at", "updated_at") VALUES ($1, $2, $3, $4, $5, $6) RETURNING "id"  [["name", "Neelam"], ["email", "neelam.jain.gour@gmail.com"], ["role", 0], ["encrypted_password", "$2a$12$waNJkAham/iXCI.T25suJuOE1Rz.CCX1Y7zkPxXxjLfbVjZsKQ7hG"], ["created_at", "2023-11-27 17:14:22.424449"], ["updated_at", "2023-11-27 17:14:22.424449"]]
  [1m[36m (2.6ms)[0m  [1mCOMMIT[0m
  [1m[35m (0.3ms)[0m  BEGIN
  [1m[36mAdmin Exists (0.4ms)[0m  [1mSELECT  1 AS one FROM "admins" WHERE "admins"."email" = 'rajat@gmail.com' LIMIT 1[0m
  [1m[35mSQL (0.3ms)[0m  INSERT INTO "admins" ("name", "email", "role", "encrypted_password", "created_at", "updated_at") VALUES ($1, $2, $3, $4, $5, $6) RETURNING "id"  [["name", "Rajat"], ["email", "rajat@gmail.com"], ["role", 0], ["encrypted_password", "$2a$12$RfqC5TE6.A53tldXYbZEz.dbN1SIGZgtbJMZFrHpL78/oU2V38tLW"], ["created_at", "2023-11-27 17:14:40.919152"], ["updated_at", "2023-11-27 17:14:40.919152"]]
  [1m[36m (10.0ms)[0m  [1mCOMMIT[0m


Started GET "/admins" for 127.0.0.1 at 2023-11-27 22:44:56 +0530
  [1m[36mActiveRecord::SchemaMigration Load (0.3ms)[0m  [1mSELECT "schema_migrations".* FROM "schema_migrations"[0m
Processing by AdminsController#index as */*
  [1m[35mAdmin Load (0.6ms)[0m  SELECT "admins".* FROM "admins"
[active_model_serializers] Rendered ActiveModel::Serializer::CollectionSerializer with ActiveModelSerializers::Adapter::Attributes (0.39ms)
Completed 200 OK in 16ms (Views: 9.6ms | ActiveRecord: 2.1ms)


Started GET "/admins" for 127.0.0.1 at 2023-11-27 22:44:56 +0530
Processing by AdminsController#index as */*
  [1m[36mAdmin Load (0.3ms)[0m  [1mSELECT "admins".* FROM "admins"[0m
[active_model_serializers] Rendered ActiveModel::Serializer::CollectionSerializer with ActiveModelSerializers::Adapter::Attributes (0.42ms)
Completed 200 OK in 2ms (Views: 1.2ms | ActiveRecord: 0.3ms)
